#
# There is insufficient memory for the Java Runtime Environment to continue.
# Native memory allocation (malloc) failed to allocate 1066416 bytes for Chunk::new
# Possible reasons:
#   The system is out of physical RAM or swap space
#   The process is running with CompressedOops enabled, and the Java Heap may be blocking the growth of the native heap
# Possible solutions:
#   Reduce memory load on the system
#   Increase physical memory or swap space
#   Check if swap backing store is full
#   Decrease Java heap size (-Xmx/-Xms)
#   Decrease number of Java threads
#   Decrease Java thread stack sizes (-Xss)
#   Set larger code cache with -XX:ReservedCodeCacheSize=
#   JVM is running with Unscaled Compressed Oops mode in which the Java heap is
#     placed in the first 4GB address space. The Java Heap base address is the
#     maximum limit for the native heap growth. Please use -XX:HeapBaseMinAddress
#     to set the Java Heap base and to place the Java Heap above 4GB virtual address.
# This output file may be truncated or incomplete.
#
#  Out of Memory Error (./src/hotspot/share/memory/arena.cpp:197), pid=11316, tid=5752
#
# JRE version: OpenJDK Runtime Environment (11.0.11+9) (build 11.0.11+9-b60-7590822)
# Java VM: OpenJDK 64-Bit Server VM (11.0.11+9-b60-7590822, mixed mode, tiered, compressed oops, g1 gc, windows-amd64)
# No core dump will be written. Minidumps are not enabled by default on client versions of Windows
#

---------------  S U M M A R Y ------------

Command Line: --add-opens=java.base/java.util=ALL-UNNAMED --add-opens=java.base/java.lang=ALL-UNNAMED --add-opens=java.base/java.lang.invoke=ALL-UNNAMED --add-opens=java.base/java.util=ALL-UNNAMED --add-opens=java.prefs/java.util.prefs=ALL-UNNAMED --add-opens=java.prefs/java.util.prefs=ALL-UNNAMED --add-opens=java.base/java.nio.charset=ALL-UNNAMED --add-opens=java.base/java.net=ALL-UNNAMED --add-opens=java.base/java.util.concurrent.atomic=ALL-UNNAMED -Xmx2048m -Dfile.encoding=UTF-8 -Duser.country=RU -Duser.language=ru -Duser.variant org.gradle.launcher.daemon.bootstrap.GradleDaemon 7.2

Host: Intel(R) Pentium(R) CPU 4405U @ 2.10GHz, 4 cores, 7G,  Windows 10 , 64 bit Build 19041 (10.0.19041.1348)
Time: Sun Feb  6 20:24:11 2022 RTZ 2 (зима) elapsed time: 1273.217708 seconds (0d 0h 21m 13s)

---------------  T H R E A D  ---------------

Current thread (0x000002507dcc5000):  JavaThread "C2 CompilerThread0" daemon [_thread_in_native, id=5752, stack(0x000000db45200000,0x000000db45300000)]


Current CompileTask:
C2:1273218 23553       4       org.gradle.api.internal.tasks.compile.incremental.compilerapi.deps.DependentsSet::merge (230 bytes)

Stack: [0x000000db45200000,0x000000db45300000]
Native frames: (J=compiled Java code, j=interpreted, Vv=VM code, C=native code)
V  [jvm.dll+0x5f214a]
V  [jvm.dll+0x726fb5]
V  [jvm.dll+0x7285cd]
V  [jvm.dll+0x728c83]
V  [jvm.dll+0x243278]
V  [jvm.dll+0xbc53c]
V  [jvm.dll+0xbca3c]
V  [jvm.dll+0x353e3b]
V  [jvm.dll+0x321893]
V  [jvm.dll+0x320d8a]
V  [jvm.dll+0x1fc1e2]
V  [jvm.dll+0x1fb3d4]
V  [jvm.dll+0x183d6c]
V  [jvm.dll+0x209a57]
V  [jvm.dll+0x2082a1]
V  [jvm.dll+0x6ef58f]
V  [jvm.dll+0x6e80b5]
V  [jvm.dll+0x5f1036]
C  [ucrtbase.dll+0x21bb2]
C  [KERNEL32.DLL+0x17034]
C  [ntdll.dll+0x52651]


---------------  P R O C E S S  ---------------

Threads class SMR info:
_java_thread_list=0x0000025012fd46c0, length=98, elements={
0x00000250730be000, 0x000002507dca3800, 0x000002507dca6800, 0x000002507dcbf000,
0x000002507dcc1000, 0x000002507dcc2000, 0x000002507dcc5000, 0x000002507dccb800,
0x000002507dcd8800, 0x000002507e785000, 0x0000025010891800, 0x0000025010563800,
0x00000250112e1800, 0x000002500ffbe000, 0x000002500ffbc800, 0x000002500ffbb800,
0x000002500f9a2000, 0x000002500f9a4800, 0x000002500f9a6800, 0x000002500f9a3000,
0x000002500f9a9800, 0x000002500f9af800, 0x000002500f9ad000, 0x000002500fe82000,
0x0000025014ae4800, 0x0000025014ae5800, 0x0000025014aec000, 0x0000025014aef800,
0x0000025014aed800, 0x0000025014aeb800, 0x00000250156c6000, 0x0000025014ae6800,
0x0000025014ae3000, 0x0000025014ae7000, 0x0000025014ae2800, 0x0000025014aed000,
0x0000025014aee800, 0x0000025014ae9000, 0x0000025014af0000, 0x0000025014af1000,
0x000002500fe73000, 0x000002500fe7a000, 0x000002500fe79000, 0x000002500fe75800,
0x000002500fe78000, 0x000002500fe76800, 0x000002500fe75000, 0x000002500fe74000,
0x000002500fe7d000, 0x000002500fe7e800, 0x000002500fe80800, 0x000002500fe7b800,
0x000002500fe7c000, 0x000002500fe7a800, 0x000002500fe7e000, 0x000002500fe7f800,
0x000002500fe81000, 0x0000025011db2800, 0x0000025011db5000, 0x0000025011daf000,
0x0000025011db1800, 0x0000025011db4000, 0x0000025011db3000, 0x0000025011db5800,
0x0000025011db0000, 0x0000025011db6800, 0x0000025011db0800, 0x0000025011dbb800,
0x0000025011dba800, 0x0000025011db9800, 0x0000025011dbc000, 0x0000025011dbd000,
0x0000025011db7800, 0x0000025011db8000, 0x0000025011db9000, 0x00000250156bf800,
0x00000250156b9800, 0x00000250156ba800, 0x00000250156c0000, 0x00000250156c1000,
0x00000250156be800, 0x00000250156bb800, 0x00000250156c2000, 0x00000250156bc000,
0x00000250156c2800, 0x00000250156bd000, 0x00000250156c3800, 0x00000250156bd800,
0x00000250156c4800, 0x00000250156c6800, 0x00000250156c7800, 0x00000250156c8800,
0x000002500f9a7000, 0x000002500f9a8000, 0x000002500f9a4000, 0x000002500f9a5800,
0x000002500f9b0000, 0x000002500f9ab000
}

Java Threads: ( => current thread )
  0x00000250730be000 JavaThread "main" [_thread_blocked, id=2540, stack(0x000000db44600000,0x000000db44700000)]
  0x000002507dca3800 JavaThread "Reference Handler" daemon [_thread_blocked, id=1412, stack(0x000000db44d00000,0x000000db44e00000)]
  0x000002507dca6800 JavaThread "Finalizer" daemon [_thread_blocked, id=11924, stack(0x000000db44e00000,0x000000db44f00000)]
  0x000002507dcbf000 JavaThread "Signal Dispatcher" daemon [_thread_blocked, id=9804, stack(0x000000db44f00000,0x000000db45000000)]
  0x000002507dcc1000 JavaThread "Attach Listener" daemon [_thread_blocked, id=11324, stack(0x000000db45000000,0x000000db45100000)]
  0x000002507dcc2000 JavaThread "Service Thread" daemon [_thread_blocked, id=2268, stack(0x000000db45100000,0x000000db45200000)]
=>0x000002507dcc5000 JavaThread "C2 CompilerThread0" daemon [_thread_in_native, id=5752, stack(0x000000db45200000,0x000000db45300000)]
  0x000002507dccb800 JavaThread "C1 CompilerThread0" daemon [_thread_blocked, id=10060, stack(0x000000db45300000,0x000000db45400000)]
  0x000002507dcd8800 JavaThread "Sweeper thread" daemon [_thread_blocked, id=2020, stack(0x000000db45400000,0x000000db45500000)]
  0x000002507e785000 JavaThread "Common-Cleaner" daemon [_thread_blocked, id=12088, stack(0x000000db45500000,0x000000db45600000)]
  0x0000025010891800 JavaThread "Daemon health stats" [_thread_blocked, id=9680, stack(0x000000db45a00000,0x000000db45b00000)]
  0x0000025010563800 JavaThread "Incoming local TCP Connector on port 65368" [_thread_in_native, id=6572, stack(0x000000db45700000,0x000000db45800000)]
  0x00000250112e1800 JavaThread "Daemon periodic checks" [_thread_blocked, id=8168, stack(0x000000db45c00000,0x000000db45d00000)]
  0x000002500ffbe000 JavaThread "Cache worker for journal cache (C:\Users\acer\.gradle\caches\journal-1)" [_thread_blocked, id=7324, stack(0x000000db45b00000,0x000000db45c00000)]
  0x000002500ffbc800 JavaThread "File lock request listener" [_thread_in_native, id=11424, stack(0x000000db46500000,0x000000db46600000)]
  0x000002500ffbb800 JavaThread "Cache worker for file hash cache (C:\Users\acer\.gradle\caches\7.2\fileHashes)" [_thread_blocked, id=10824, stack(0x000000db46600000,0x000000db46700000)]
  0x000002500f9a2000 JavaThread "File watcher server" daemon [_thread_in_native, id=8668, stack(0x000000db46900000,0x000000db46a00000)]
  0x000002500f9a4800 JavaThread "File watcher consumer" daemon [_thread_blocked, id=9016, stack(0x000000db46a00000,0x000000db46b00000)]
  0x000002500f9a6800 JavaThread "Cache worker for execution history cache (C:\Users\acer\.gradle\caches\7.2\executionHistory)" [_thread_blocked, id=11952, stack(0x000000db46e00000,0x000000db46f00000)]
  0x000002500f9a3000 JavaThread "jar transforms" [_thread_blocked, id=1020, stack(0x000000db46f00000,0x000000db47000000)]
  0x000002500f9a9800 JavaThread "Cache worker for file content cache (C:\Users\acer\.gradle\caches\7.2\fileContent)" [_thread_blocked, id=10272, stack(0x000000db47000000,0x000000db47100000)]
  0x000002500f9af800 JavaThread "jar transforms Thread 2" [_thread_blocked, id=4808, stack(0x000000db47100000,0x000000db47200000)]
  0x000002500f9ad000 JavaThread "jar transforms Thread 3" [_thread_blocked, id=4652, stack(0x000000db47300000,0x000000db47400000)]
  0x000002500fe82000 JavaThread "jar transforms Thread 4" [_thread_blocked, id=10540, stack(0x000000db49d00000,0x000000db49e00000)]
  0x0000025014ae4800 JavaThread "Memory manager" [_thread_blocked, id=7588, stack(0x000000db49e00000,0x000000db49f00000)]
  0x0000025014ae5800 JavaThread "RMI Scheduler(0)" daemon [_thread_blocked, id=1264, stack(0x000000db46d00000,0x000000db46e00000)]
  0x0000025014aec000 JavaThread "RMI GC Daemon" daemon [_thread_blocked, id=5252, stack(0x000000db4a800000,0x000000db4a900000)]
  0x0000025014aef800 JavaThread "RMI TCP Accept-0" daemon [_thread_in_native, id=11436, stack(0x000000db4a900000,0x000000db4aa00000)]
  0x0000025014aed800 JavaThread "RMI Reaper" [_thread_blocked, id=4008, stack(0x000000db4aa00000,0x000000db4ab00000)]
  0x0000025014aeb800 JavaThread "Cache worker for Java compile cache (C:\Users\acer\.gradle\caches\7.2\javaCompile)" [_thread_blocked, id=8240, stack(0x000000db44300000,0x000000db44400000)]
  0x00000250156c6000 JavaThread "ForkJoinPool.commonPool-worker-7" daemon [_thread_blocked, id=7848, stack(0x000000db4b000000,0x000000db4b100000)]
  0x0000025014ae6800 JavaThread "Daemon Thread 8" [_thread_blocked, id=8872, stack(0x000000db44400000,0x000000db44500000)]
  0x0000025014ae3000 JavaThread "Handler for socket connection from /127.0.0.1:65368 to /127.0.0.1:49517" [_thread_in_native, id=6656, stack(0x000000db44500000,0x000000db44600000)]
  0x0000025014ae7000 JavaThread "Cancel handler" [_thread_blocked, id=6228, stack(0x000000db45d00000,0x000000db45e00000)]
  0x0000025014ae2800 JavaThread "Daemon worker Thread 8" [_thread_blocked, id=11216, stack(0x000000db45e00000,0x000000db45f00000)]
  0x0000025014aed000 JavaThread "Asynchronous log dispatcher for DefaultDaemonConnection: socket connection from /127.0.0.1:65368 to /127.0.0.1:49517" [_thread_blocked, id=4196, stack(0x000000db45f00000,0x000000db46000000)]
  0x0000025014aee800 JavaThread "Stdin handler" [_thread_blocked, id=10348, stack(0x000000db46000000,0x000000db46100000)]
  0x0000025014ae9000 JavaThread "Daemon client event forwarder" [_thread_in_vm, id=11616, stack(0x000000db46100000,0x000000db46200000)]
  0x0000025014af0000 JavaThread "Cache worker for file hash cache (C:\Android_ALL\13\.gradle\7.2\fileHashes)" [_thread_blocked, id=9976, stack(0x000000db46200000,0x000000db46300000)]
  0x0000025014af1000 JavaThread "Cache worker for checksums cache (C:\Android_ALL\13\.gradle\checksums)" [_thread_blocked, id=11664, stack(0x000000db46300000,0x000000db46400000)]
  0x000002500fe73000 JavaThread "Cache worker for cache directory md-supplier (C:\Users\acer\.gradle\caches\7.2\md-supplier)" [_thread_blocked, id=2636, stack(0x000000db46700000,0x000000db46800000)]
  0x000002500fe7a000 JavaThread "Cache worker for cache directory md-rule (C:\Users\acer\.gradle\caches\7.2\md-rule)" [_thread_blocked, id=8288, stack(0x000000db46800000,0x000000db46900000)]
  0x000002500fe79000 JavaThread "Cache worker for dependencies-accessors (C:\Android_ALL\13\.gradle\7.2\dependencies-accessors)" [_thread_blocked, id=8776, stack(0x000000db46b00000,0x000000db46c00000)]
  0x000002500fe75800 JavaThread "Cache worker for Build Output Cleanup Cache (C:\Android_ALL\13\.gradle\buildOutputCleanup)" [_thread_blocked, id=9660, stack(0x000000db46c00000,0x000000db46d00000)]
  0x000002500fe78000 JavaThread "Unconstrained build operations" [_thread_blocked, id=1764, stack(0x000000db47400000,0x000000db47500000)]
  0x000002500fe76800 JavaThread "Unconstrained build operations Thread 2" [_thread_blocked, id=1536, stack(0x000000db47500000,0x000000db47600000)]
  0x000002500fe75000 JavaThread "Unconstrained build operations Thread 3" [_thread_blocked, id=11156, stack(0x000000db47600000,0x000000db47700000)]
  0x000002500fe74000 JavaThread "Unconstrained build operations Thread 4" [_thread_blocked, id=8820, stack(0x000000db47700000,0x000000db47800000)]
  0x000002500fe7d000 JavaThread "Unconstrained build operations Thread 5" [_thread_blocked, id=5228, stack(0x000000db47800000,0x000000db47900000)]
  0x000002500fe7e800 JavaThread "Unconstrained build operations Thread 6" [_thread_blocked, id=1908, stack(0x000000db47900000,0x000000db47a00000)]
  0x000002500fe80800 JavaThread "Unconstrained build operations Thread 7" [_thread_blocked, id=10932, stack(0x000000db47a00000,0x000000db47b00000)]
  0x000002500fe7b800 JavaThread "Unconstrained build operations Thread 8" [_thread_blocked, id=9836, stack(0x000000db47b00000,0x000000db47c00000)]
  0x000002500fe7c000 JavaThread "Unconstrained build operations Thread 9" [_thread_blocked, id=10324, stack(0x000000db47c00000,0x000000db47d00000)]
  0x000002500fe7a800 JavaThread "Unconstrained build operations Thread 10" [_thread_blocked, id=5452, stack(0x000000db47d00000,0x000000db47e00000)]
  0x000002500fe7e000 JavaThread "Unconstrained build operations Thread 11" [_thread_blocked, id=1268, stack(0x000000db47e00000,0x000000db47f00000)]
  0x000002500fe7f800 JavaThread "Unconstrained build operations Thread 12" [_thread_blocked, id=12196, stack(0x000000db47f00000,0x000000db48000000)]
  0x000002500fe81000 JavaThread "Unconstrained build operations Thread 13" [_thread_blocked, id=332, stack(0x000000db48000000,0x000000db48100000)]
  0x0000025011db2800 JavaThread "Unconstrained build operations Thread 14" [_thread_blocked, id=8992, stack(0x000000db48100000,0x000000db48200000)]
  0x0000025011db5000 JavaThread "Unconstrained build operations Thread 15" [_thread_blocked, id=11852, stack(0x000000db48200000,0x000000db48300000)]
  0x0000025011daf000 JavaThread "Unconstrained build operations Thread 16" [_thread_blocked, id=1988, stack(0x000000db48300000,0x000000db48400000)]
  0x0000025011db1800 JavaThread "Unconstrained build operations Thread 17" [_thread_blocked, id=6348, stack(0x000000db48400000,0x000000db48500000)]
  0x0000025011db4000 JavaThread "Unconstrained build operations Thread 18" [_thread_blocked, id=9892, stack(0x000000db48500000,0x000000db48600000)]
  0x0000025011db3000 JavaThread "Unconstrained build operations Thread 19" [_thread_blocked, id=9172, stack(0x000000db48600000,0x000000db48700000)]
  0x0000025011db5800 JavaThread "Unconstrained build operations Thread 20" [_thread_blocked, id=8716, stack(0x000000db48700000,0x000000db48800000)]
  0x0000025011db0000 JavaThread "Unconstrained build operations Thread 21" [_thread_blocked, id=4892, stack(0x000000db48800000,0x000000db48900000)]
  0x0000025011db6800 JavaThread "Unconstrained build operations Thread 22" [_thread_blocked, id=5940, stack(0x000000db48900000,0x000000db48a00000)]
  0x0000025011db0800 JavaThread "Unconstrained build operations Thread 23" [_thread_blocked, id=1900, stack(0x000000db48a00000,0x000000db48b00000)]
  0x0000025011dbb800 JavaThread "Unconstrained build operations Thread 24" [_thread_blocked, id=7820, stack(0x000000db48b00000,0x000000db48c00000)]
  0x0000025011dba800 JavaThread "Unconstrained build operations Thread 25" [_thread_blocked, id=9144, stack(0x000000db48c00000,0x000000db48d00000)]
  0x0000025011db9800 JavaThread "Unconstrained build operations Thread 26" [_thread_blocked, id=2824, stack(0x000000db48d00000,0x000000db48e00000)]
  0x0000025011dbc000 JavaThread "Unconstrained build operations Thread 27" [_thread_blocked, id=8796, stack(0x000000db48e00000,0x000000db48f00000)]
  0x0000025011dbd000 JavaThread "Unconstrained build operations Thread 28" [_thread_blocked, id=8404, stack(0x000000db48f00000,0x000000db49000000)]
  0x0000025011db7800 JavaThread "Unconstrained build operations Thread 29" [_thread_blocked, id=9888, stack(0x000000db49000000,0x000000db49100000)]
  0x0000025011db8000 JavaThread "Unconstrained build operations Thread 30" [_thread_blocked, id=1504, stack(0x000000db49100000,0x000000db49200000)]
  0x0000025011db9000 JavaThread "Unconstrained build operations Thread 31" [_thread_blocked, id=7816, stack(0x000000db49200000,0x000000db49300000)]
  0x00000250156bf800 JavaThread "Unconstrained build operations Thread 32" [_thread_blocked, id=1656, stack(0x000000db49300000,0x000000db49400000)]
  0x00000250156b9800 JavaThread "Unconstrained build operations Thread 33" [_thread_blocked, id=10644, stack(0x000000db49400000,0x000000db49500000)]
  0x00000250156ba800 JavaThread "Unconstrained build operations Thread 34" [_thread_blocked, id=8840, stack(0x000000db49500000,0x000000db49600000)]
  0x00000250156c0000 JavaThread "Unconstrained build operations Thread 35" [_thread_blocked, id=11832, stack(0x000000db49600000,0x000000db49700000)]
  0x00000250156c1000 JavaThread "Unconstrained build operations Thread 36" [_thread_blocked, id=6708, stack(0x000000db49700000,0x000000db49800000)]
  0x00000250156be800 JavaThread "Unconstrained build operations Thread 37" [_thread_blocked, id=8196, stack(0x000000db49800000,0x000000db49900000)]
  0x00000250156bb800 JavaThread "Unconstrained build operations Thread 38" [_thread_blocked, id=11512, stack(0x000000db49900000,0x000000db49a00000)]
  0x00000250156c2000 JavaThread "Unconstrained build operations Thread 39" [_thread_blocked, id=7572, stack(0x000000db49a00000,0x000000db49b00000)]
  0x00000250156bc000 JavaThread "Unconstrained build operations Thread 40" [_thread_blocked, id=7408, stack(0x000000db49b00000,0x000000db49c00000)]
  0x00000250156c2800 JavaThread "build event listener" [_thread_blocked, id=6780, stack(0x000000db49c00000,0x000000db49d00000)]
  0x00000250156bd000 JavaThread "build event listener" [_thread_blocked, id=10244, stack(0x000000db49f00000,0x000000db4a000000)]
  0x00000250156c3800 JavaThread "Execution worker for ':'" [_thread_blocked, id=10984, stack(0x000000db4a000000,0x000000db4a100000)]
  0x00000250156bd800 JavaThread "Execution worker for ':' Thread 2" [_thread_in_Java, id=11604, stack(0x000000db4a100000,0x000000db4a200000)]
  0x00000250156c4800 JavaThread "Execution worker for ':' Thread 3" [_thread_blocked, id=8944, stack(0x000000db4a200000,0x000000db4a300000)]
  0x00000250156c6800 JavaThread "Cache worker for execution history cache (C:\Android_ALL\13\.gradle\7.2\executionHistory)" [_thread_blocked, id=10096, stack(0x000000db4a300000,0x000000db4a400000)]
  0x00000250156c7800 JavaThread "RMI RenewClean-[127.0.0.1:17055,org.jetbrains.kotlin.daemon.common.LoopbackNetworkInterface$ClientLoopbackSocketFactory@5fbf7470]" daemon [_thread_blocked, id=3188, stack(0x000000db4a400000,0x000000db4a500000)]
  0x00000250156c8800 JavaThread "RMI TCP Connection(17)-127.0.0.1" daemon [_thread_in_native, id=11100, stack(0x000000db4a500000,0x000000db4a600000)]
  0x000002500f9a7000 JavaThread "RMI TCP Connection(18)-127.0.0.1" daemon [_thread_in_native, id=12236, stack(0x000000db4a600000,0x000000db4a700000)]
  0x000002500f9a8000 JavaThread "Build operations" [_thread_blocked, id=572, stack(0x000000db47200000,0x000000db47300000)]
  0x000002500f9a4000 JavaThread "Build operations Thread 2" [_thread_blocked, id=9524, stack(0x000000db4a700000,0x000000db4a800000)]
  0x000002500f9a5800 JavaThread "Build operations Thread 3" [_thread_blocked, id=7840, stack(0x000000db4ab00000,0x000000db4ac00000)]
  0x000002500f9b0000 JavaThread "Build operations Thread 4" [_thread_blocked, id=6080, stack(0x000000db4ac00000,0x000000db4ad00000)]
  0x000002500f9ab000 JavaThread "C2 CompilerThread1" daemon [_thread_blocked, id=1520, stack(0x000000db4ad00000,0x000000db4ae00000)]

Other Threads:
  0x000002507dca0000 VMThread "VM Thread" [stack: 0x000000db44c00000,0x000000db44d00000] [id=4364]
  0x000002507e7a6800 WatcherThread [stack: 0x000000db45600000,0x000000db45700000] [id=2360]
  0x00000250730d5800 GCTaskThread "GC Thread#0" [stack: 0x000000db44700000,0x000000db44800000] [id=4836]
  0x000002500f0a3000 GCTaskThread "GC Thread#1" [stack: 0x000000db45800000,0x000000db45900000] [id=7668]
  0x000002500f0a3800 GCTaskThread "GC Thread#2" [stack: 0x000000db45900000,0x000000db45a00000] [id=11836]
  0x0000025010dde000 GCTaskThread "GC Thread#3" [stack: 0x000000db46400000,0x000000db46500000] [id=9896]
  0x0000025073108800 ConcurrentGCThread "G1 Main Marker" [stack: 0x000000db44800000,0x000000db44900000] [id=11772]
  0x0000025073109800 ConcurrentGCThread "G1 Conc#0" [stack: 0x000000db44900000,0x000000db44a00000] [id=5956]
  0x0000025073198800 ConcurrentGCThread "G1 Refine#0" [stack: 0x000000db44a00000,0x000000db44b00000] [id=9408]
  0x0000025073199800 ConcurrentGCThread "G1 Young RemSet Sampling" [stack: 0x000000db44b00000,0x000000db44c00000] [id=10740]

Threads with active compile tasks:
C2 CompilerThread01273300 23553       4       org.gradle.api.internal.tasks.compile.incremental.compilerapi.deps.DependentsSet::merge (230 bytes)

VM state:not at safepoint (normal execution)

VM Mutex/Monitor currently owned by a thread: None

Heap address: 0x0000000080000000, size: 2048 MB, Compressed Oops mode: 32-bit
Narrow klass base: 0x0000000000000000, Narrow klass shift: 3
Compressed class space size: 1073741824 Address: 0x0000000100000000

Heap:
 garbage-first heap   total 225280K, used 176580K [0x0000000080000000, 0x0000000100000000)
  region size 1024K, 53 young (54272K), 2 survivors (2048K)
 Metaspace       used 126976K, capacity 131429K, committed 131612K, reserved 1163264K
  class space    used 16241K, capacity 17882K, committed 17996K, reserved 1048576K
Heap Regions: E=young(eden), S=young(survivor), O=old, HS=humongous(starts), HC=humongous(continues), CS=collection set, F=free, A=archive, TAMS=top-at-mark-start (previous, next)
|   0|0x0000000080000000, 0x0000000080100000, 0x0000000080100000|100%| O|  |TAMS 0x0000000080100000, 0x0000000080000000| Untracked 
|   1|0x0000000080100000, 0x0000000080200000, 0x0000000080200000|100%| O|  |TAMS 0x0000000080200000, 0x0000000080100000| Untracked 
|   2|0x0000000080200000, 0x0000000080300000, 0x0000000080300000|100%| O|  |TAMS 0x0000000080300000, 0x0000000080200000| Untracked 
|   3|0x0000000080300000, 0x0000000080400000, 0x0000000080400000|100%|HS|  |TAMS 0x0000000080400000, 0x0000000080300000| Complete 
|   4|0x0000000080400000, 0x0000000080500000, 0x0000000080500000|100%|HC|  |TAMS 0x0000000080500000, 0x0000000080400000| Complete 
|   5|0x0000000080500000, 0x0000000080600000, 0x0000000080600000|100%|HC|  |TAMS 0x0000000080600000, 0x0000000080500000| Complete 
|   6|0x0000000080600000, 0x0000000080700000, 0x0000000080700000|100%| O|  |TAMS 0x0000000080700000, 0x0000000080600000| Untracked 
|   7|0x0000000080700000, 0x0000000080800000, 0x0000000080800000|100%| O|  |TAMS 0x0000000080800000, 0x0000000080700000| Untracked 
|   8|0x0000000080800000, 0x0000000080900000, 0x0000000080900000|100%| O|  |TAMS 0x0000000080900000, 0x0000000080800000| Untracked 
|   9|0x0000000080900000, 0x0000000080a00000, 0x0000000080a00000|100%| O|  |TAMS 0x0000000080a00000, 0x0000000080900000| Untracked 
|  10|0x0000000080a00000, 0x0000000080b00000, 0x0000000080b00000|100%| O|  |TAMS 0x0000000080b00000, 0x0000000080a00000| Untracked 
|  11|0x0000000080b00000, 0x0000000080c00000, 0x0000000080c00000|100%| O|  |TAMS 0x0000000080c00000, 0x0000000080b00000| Untracked 
|  12|0x0000000080c00000, 0x0000000080d00000, 0x0000000080d00000|100%| O|  |TAMS 0x0000000080d00000, 0x0000000080c00000| Untracked 
|  13|0x0000000080d00000, 0x0000000080e00000, 0x0000000080e00000|100%| O|  |TAMS 0x0000000080e00000, 0x0000000080d00000| Untracked 
|  14|0x0000000080e00000, 0x0000000080f00000, 0x0000000080f00000|100%| O|  |TAMS 0x0000000080f00000, 0x0000000080e00000| Untracked 
|  15|0x0000000080f00000, 0x0000000081000000, 0x0000000081000000|100%| O|  |TAMS 0x0000000081000000, 0x0000000080f00000| Untracked 
|  16|0x0000000081000000, 0x0000000081100000, 0x0000000081100000|100%|HS|  |TAMS 0x0000000081100000, 0x0000000081000000| Complete 
|  17|0x0000000081100000, 0x0000000081200000, 0x0000000081200000|100%| O|  |TAMS 0x0000000081200000, 0x0000000081100000| Untracked 
|  18|0x0000000081200000, 0x0000000081300000, 0x0000000081300000|100%| O|  |TAMS 0x0000000081300000, 0x0000000081200000| Untracked 
|  19|0x0000000081300000, 0x0000000081400000, 0x0000000081400000|100%| O|  |TAMS 0x0000000081400000, 0x0000000081300000| Untracked 
|  20|0x0000000081400000, 0x0000000081500000, 0x0000000081500000|100%| O|  |TAMS 0x0000000081500000, 0x0000000081400000| Untracked 
|  21|0x0000000081500000, 0x0000000081600000, 0x0000000081600000|100%| O|  |TAMS 0x0000000081600000, 0x0000000081500000| Untracked 
|  22|0x0000000081600000, 0x0000000081700000, 0x0000000081700000|100%| O|  |TAMS 0x0000000081700000, 0x0000000081600000| Untracked 
|  23|0x0000000081700000, 0x0000000081800000, 0x0000000081800000|100%|HS|  |TAMS 0x0000000081800000, 0x0000000081700000| Complete 
|  24|0x0000000081800000, 0x0000000081900000, 0x0000000081900000|100%|HS|  |TAMS 0x0000000081900000, 0x0000000081800000| Complete 
|  25|0x0000000081900000, 0x0000000081a00000, 0x0000000081a00000|100%|HS|  |TAMS 0x0000000081a00000, 0x0000000081900000| Complete 
|  26|0x0000000081a00000, 0x0000000081b00000, 0x0000000081b00000|100%|HS|  |TAMS 0x0000000081b00000, 0x0000000081a00000| Complete 
|  27|0x0000000081b00000, 0x0000000081c00000, 0x0000000081c00000|100%|HC|  |TAMS 0x0000000081c00000, 0x0000000081b00000| Complete 
|  28|0x0000000081c00000, 0x0000000081d00000, 0x0000000081d00000|100%|HC|  |TAMS 0x0000000081d00000, 0x0000000081c00000| Complete 
|  29|0x0000000081d00000, 0x0000000081e00000, 0x0000000081e00000|100%|HS|  |TAMS 0x0000000081e00000, 0x0000000081d00000| Complete 
|  30|0x0000000081e00000, 0x0000000081f00000, 0x0000000081f00000|100%|HC|  |TAMS 0x0000000081f00000, 0x0000000081e00000| Complete 
|  31|0x0000000081f00000, 0x0000000082000000, 0x0000000082000000|100%| O|  |TAMS 0x0000000082000000, 0x0000000081f00000| Untracked 
|  32|0x0000000082000000, 0x0000000082100000, 0x0000000082100000|100%| O|  |TAMS 0x0000000082100000, 0x0000000082000000| Untracked 
|  33|0x0000000082100000, 0x0000000082200000, 0x0000000082200000|100%| O|  |TAMS 0x0000000082200000, 0x0000000082100000| Untracked 
|  34|0x0000000082200000, 0x0000000082300000, 0x0000000082300000|100%| O|  |TAMS 0x0000000082300000, 0x0000000082200000| Untracked 
|  35|0x0000000082300000, 0x0000000082400000, 0x0000000082400000|100%| O|  |TAMS 0x0000000082400000, 0x0000000082300000| Untracked 
|  36|0x0000000082400000, 0x0000000082500000, 0x0000000082500000|100%| O|  |TAMS 0x0000000082500000, 0x0000000082400000| Untracked 
|  37|0x0000000082500000, 0x0000000082600000, 0x0000000082600000|100%| O|  |TAMS 0x0000000082600000, 0x0000000082500000| Untracked 
|  38|0x0000000082600000, 0x0000000082700000, 0x0000000082700000|100%| O|  |TAMS 0x0000000082700000, 0x0000000082600000| Untracked 
|  39|0x0000000082700000, 0x0000000082800000, 0x0000000082800000|100%| O|  |TAMS 0x0000000082800000, 0x0000000082700000| Untracked 
|  40|0x0000000082800000, 0x0000000082900000, 0x0000000082900000|100%| O|  |TAMS 0x0000000082900000, 0x0000000082800000| Untracked 
|  41|0x0000000082900000, 0x0000000082a00000, 0x0000000082a00000|100%| O|  |TAMS 0x0000000082a00000, 0x0000000082900000| Untracked 
|  42|0x0000000082a00000, 0x0000000082b00000, 0x0000000082b00000|100%| O|  |TAMS 0x0000000082b00000, 0x0000000082a00000| Untracked 
|  43|0x0000000082b00000, 0x0000000082c00000, 0x0000000082c00000|100%| O|  |TAMS 0x0000000082c00000, 0x0000000082b00000| Untracked 
|  44|0x0000000082c00000, 0x0000000082d00000, 0x0000000082d00000|100%| O|  |TAMS 0x0000000082d00000, 0x0000000082c00000| Untracked 
|  45|0x0000000082d00000, 0x0000000082e00000, 0x0000000082e00000|100%| O|  |TAMS 0x0000000082e00000, 0x0000000082d00000| Untracked 
|  46|0x0000000082e00000, 0x0000000082f00000, 0x0000000082f00000|100%| O|  |TAMS 0x0000000082f00000, 0x0000000082e00000| Untracked 
|  47|0x0000000082f00000, 0x0000000083000000, 0x0000000083000000|100%| O|  |TAMS 0x0000000083000000, 0x0000000082f00000| Untracked 
|  48|0x0000000083000000, 0x0000000083100000, 0x0000000083100000|100%| O|  |TAMS 0x0000000083100000, 0x0000000083000000| Untracked 
|  49|0x0000000083100000, 0x0000000083200000, 0x0000000083200000|100%| O|  |TAMS 0x0000000083200000, 0x0000000083100000| Untracked 
|  50|0x0000000083200000, 0x0000000083300000, 0x0000000083300000|100%| O|  |TAMS 0x0000000083300000, 0x0000000083200000| Untracked 
|  51|0x0000000083300000, 0x0000000083400000, 0x0000000083400000|100%| O|  |TAMS 0x0000000083400000, 0x0000000083300000| Untracked 
|  52|0x0000000083400000, 0x0000000083500000, 0x0000000083500000|100%| O|  |TAMS 0x0000000083500000, 0x0000000083400000| Untracked 
|  53|0x0000000083500000, 0x0000000083600000, 0x0000000083600000|100%| O|  |TAMS 0x0000000083600000, 0x0000000083500000| Untracked 
|  54|0x0000000083600000, 0x0000000083700000, 0x0000000083700000|100%| O|  |TAMS 0x0000000083700000, 0x0000000083600000| Untracked 
|  55|0x0000000083700000, 0x0000000083800000, 0x0000000083800000|100%| O|  |TAMS 0x0000000083800000, 0x0000000083700000| Untracked 
|  56|0x0000000083800000, 0x0000000083900000, 0x0000000083900000|100%| O|  |TAMS 0x0000000083900000, 0x0000000083800000| Untracked 
|  57|0x0000000083900000, 0x0000000083a00000, 0x0000000083a00000|100%| O|  |TAMS 0x0000000083a00000, 0x0000000083900000| Untracked 
|  58|0x0000000083a00000, 0x0000000083b00000, 0x0000000083b00000|100%| O|  |TAMS 0x0000000083b00000, 0x0000000083a00000| Untracked 
|  59|0x0000000083b00000, 0x0000000083c00000, 0x0000000083c00000|100%| O|  |TAMS 0x0000000083c00000, 0x0000000083b00000| Untracked 
|  60|0x0000000083c00000, 0x0000000083d00000, 0x0000000083d00000|100%| O|  |TAMS 0x0000000083d00000, 0x0000000083c00000| Untracked 
|  61|0x0000000083d00000, 0x0000000083e00000, 0x0000000083e00000|100%| O|  |TAMS 0x0000000083e00000, 0x0000000083d00000| Untracked 
|  62|0x0000000083e00000, 0x0000000083f00000, 0x0000000083f00000|100%| O|  |TAMS 0x0000000083f00000, 0x0000000083e00000| Untracked 
|  63|0x0000000083f00000, 0x0000000084000000, 0x0000000084000000|100%| O|  |TAMS 0x0000000084000000, 0x0000000083f00000| Untracked 
|  64|0x0000000084000000, 0x0000000084100000, 0x0000000084100000|100%| O|  |TAMS 0x0000000084100000, 0x0000000084000000| Untracked 
|  65|0x0000000084100000, 0x0000000084200000, 0x0000000084200000|100%| O|  |TAMS 0x0000000084200000, 0x0000000084100000| Untracked 
|  66|0x0000000084200000, 0x0000000084300000, 0x0000000084300000|100%| O|  |TAMS 0x0000000084300000, 0x0000000084200000| Untracked 
|  67|0x0000000084300000, 0x0000000084400000, 0x0000000084400000|100%| O|  |TAMS 0x0000000084400000, 0x0000000084300000| Untracked 
|  68|0x0000000084400000, 0x0000000084500000, 0x0000000084500000|100%| O|  |TAMS 0x0000000084500000, 0x0000000084400000| Untracked 
|  69|0x0000000084500000, 0x0000000084600000, 0x0000000084600000|100%| O|  |TAMS 0x0000000084600000, 0x0000000084500000| Untracked 
|  70|0x0000000084600000, 0x0000000084700000, 0x0000000084700000|100%| O|  |TAMS 0x0000000084700000, 0x0000000084600000| Untracked 
|  71|0x0000000084700000, 0x0000000084800000, 0x0000000084800000|100%| O|  |TAMS 0x0000000084800000, 0x0000000084700000| Untracked 
|  72|0x0000000084800000, 0x0000000084800000, 0x0000000084900000|  0%| F|  |TAMS 0x0000000084800000, 0x0000000084800000| Untracked 
|  73|0x0000000084900000, 0x0000000084a00000, 0x0000000084a00000|100%| O|  |TAMS 0x0000000084900000, 0x0000000084900000| Untracked 
|  74|0x0000000084a00000, 0x0000000084b00000, 0x0000000084b00000|100%| O|  |TAMS 0x0000000084b00000, 0x0000000084a00000| Untracked 
|  75|0x0000000084b00000, 0x0000000084b00000, 0x0000000084c00000|  0%| F|  |TAMS 0x0000000084b00000, 0x0000000084b00000| Untracked 
|  76|0x0000000084c00000, 0x0000000084d00000, 0x0000000084d00000|100%| O|  |TAMS 0x0000000084c00000, 0x0000000084c00000| Untracked 
|  77|0x0000000084d00000, 0x0000000084e00000, 0x0000000084e00000|100%| O|  |TAMS 0x0000000084e00000, 0x0000000084d00000| Untracked 
|  78|0x0000000084e00000, 0x0000000084f00000, 0x0000000084f00000|100%| O|  |TAMS 0x0000000084f00000, 0x0000000084e00000| Untracked 
|  79|0x0000000084f00000, 0x0000000085000000, 0x0000000085000000|100%| O|  |TAMS 0x0000000085000000, 0x0000000084f00000| Untracked 
|  80|0x0000000085000000, 0x0000000085100000, 0x0000000085100000|100%| O|  |TAMS 0x0000000085100000, 0x0000000085000000| Untracked 
|  81|0x0000000085100000, 0x0000000085200000, 0x0000000085200000|100%| O|  |TAMS 0x0000000085200000, 0x0000000085100000| Untracked 
|  82|0x0000000085200000, 0x0000000085300000, 0x0000000085300000|100%| O|  |TAMS 0x0000000085300000, 0x0000000085200000| Untracked 
|  83|0x0000000085300000, 0x0000000085400000, 0x0000000085400000|100%| O|  |TAMS 0x0000000085400000, 0x0000000085300000| Untracked 
|  84|0x0000000085400000, 0x0000000085500000, 0x0000000085500000|100%| O|  |TAMS 0x0000000085500000, 0x0000000085400000| Untracked 
|  85|0x0000000085500000, 0x0000000085600000, 0x0000000085600000|100%| O|  |TAMS 0x0000000085600000, 0x0000000085500000| Untracked 
|  86|0x0000000085600000, 0x0000000085700000, 0x0000000085700000|100%| O|  |TAMS 0x0000000085600000, 0x0000000085600000| Untracked 
|  87|0x0000000085700000, 0x0000000085800000, 0x0000000085800000|100%| O|  |TAMS 0x0000000085800000, 0x0000000085700000| Untracked 
|  88|0x0000000085800000, 0x0000000085900000, 0x0000000085900000|100%| O|  |TAMS 0x0000000085900000, 0x0000000085800000| Untracked 
|  89|0x0000000085900000, 0x0000000085a00000, 0x0000000085a00000|100%| O|  |TAMS 0x0000000085900000, 0x0000000085900000| Untracked 
|  90|0x0000000085a00000, 0x0000000085b00000, 0x0000000085b00000|100%| O|  |TAMS 0x0000000085b00000, 0x0000000085a00000| Untracked 
|  91|0x0000000085b00000, 0x0000000085c00000, 0x0000000085c00000|100%| O|  |TAMS 0x0000000085c00000, 0x0000000085b00000| Untracked 
|  92|0x0000000085c00000, 0x0000000085d00000, 0x0000000085d00000|100%| O|  |TAMS 0x0000000085d00000, 0x0000000085c00000| Untracked 
|  93|0x0000000085d00000, 0x0000000085e00000, 0x0000000085e00000|100%| O|  |TAMS 0x0000000085e00000, 0x0000000085d00000| Untracked 
|  94|0x0000000085e00000, 0x0000000085f00000, 0x0000000085f00000|100%| O|  |TAMS 0x0000000085f00000, 0x0000000085e00000| Untracked 
|  95|0x0000000085f00000, 0x0000000086000000, 0x0000000086000000|100%| O|  |TAMS 0x0000000086000000, 0x0000000085f00000| Untracked 
|  96|0x0000000086000000, 0x0000000086100000, 0x0000000086100000|100%| O|  |TAMS 0x0000000086100000, 0x0000000086000000| Untracked 
|  97|0x0000000086100000, 0x0000000086200000, 0x0000000086200000|100%| O|  |TAMS 0x0000000086200000, 0x0000000086100000| Untracked 
|  98|0x0000000086200000, 0x0000000086300000, 0x0000000086300000|100%| O|  |TAMS 0x0000000086300000, 0x0000000086200000| Untracked 
|  99|0x0000000086300000, 0x0000000086400000, 0x0000000086400000|100%| O|  |TAMS 0x0000000086400000, 0x0000000086300000| Untracked 
| 100|0x0000000086400000, 0x0000000086500000, 0x0000000086500000|100%| O|  |TAMS 0x0000000086500000, 0x0000000086400000| Untracked 
| 101|0x0000000086500000, 0x0000000086600000, 0x0000000086600000|100%| O|  |TAMS 0x0000000086600000, 0x0000000086500000| Untracked 
| 102|0x0000000086600000, 0x0000000086600000, 0x0000000086700000|  0%| F|  |TAMS 0x0000000086600000, 0x0000000086600000| Untracked 
| 103|0x0000000086700000, 0x0000000086800000, 0x0000000086800000|100%| O|  |TAMS 0x0000000086800000, 0x0000000086700000| Untracked 
| 104|0x0000000086800000, 0x0000000086900000, 0x0000000086900000|100%| O|  |TAMS 0x0000000086900000, 0x0000000086800000| Untracked 
| 105|0x0000000086900000, 0x0000000086a00000, 0x0000000086a00000|100%| O|  |TAMS 0x0000000086a00000, 0x0000000086900000| Untracked 
| 106|0x0000000086a00000, 0x0000000086b00000, 0x0000000086b00000|100%| O|  |TAMS 0x0000000086b00000, 0x0000000086a00000| Untracked 
| 107|0x0000000086b00000, 0x0000000086c00000, 0x0000000086c00000|100%| O|  |TAMS 0x0000000086c00000, 0x0000000086b00000| Untracked 
| 108|0x0000000086c00000, 0x0000000086c00000, 0x0000000086d00000|  0%| F|  |TAMS 0x0000000086c00000, 0x0000000086c00000| Untracked 
| 109|0x0000000086d00000, 0x0000000086e00000, 0x0000000086e00000|100%| O|  |TAMS 0x0000000086d00000, 0x0000000086d00000| Untracked 
| 110|0x0000000086e00000, 0x0000000086f00000, 0x0000000086f00000|100%| O|  |TAMS 0x0000000086e00000, 0x0000000086e00000| Untracked 
| 111|0x0000000086f00000, 0x0000000087000000, 0x0000000087000000|100%| O|  |TAMS 0x0000000087000000, 0x0000000086f00000| Untracked 
| 112|0x0000000087000000, 0x0000000087100000, 0x0000000087100000|100%| O|  |TAMS 0x0000000087100000, 0x0000000087000000| Untracked 
| 113|0x0000000087100000, 0x0000000087200000, 0x0000000087200000|100%| O|  |TAMS 0x0000000087200000, 0x0000000087100000| Untracked 
| 114|0x0000000087200000, 0x0000000087300000, 0x0000000087300000|100%| O|  |TAMS 0x00000000872e7a00, 0x0000000087200000| Untracked 
| 115|0x0000000087300000, 0x0000000087400000, 0x0000000087400000|100%| O|  |TAMS 0x0000000087400000, 0x0000000087300000| Untracked 
| 116|0x0000000087400000, 0x0000000087500000, 0x0000000087500000|100%| O|  |TAMS 0x0000000087500000, 0x0000000087400000| Untracked 
| 117|0x0000000087500000, 0x0000000087500000, 0x0000000087600000|  0%| F|  |TAMS 0x0000000087500000, 0x0000000087500000| Untracked 
| 118|0x0000000087600000, 0x0000000087700000, 0x0000000087700000|100%| O|  |TAMS 0x0000000087700000, 0x0000000087600000| Untracked 
| 119|0x0000000087700000, 0x0000000087700000, 0x0000000087800000|  0%| F|  |TAMS 0x0000000087700000, 0x0000000087700000| Untracked 
| 120|0x0000000087800000, 0x0000000087900000, 0x0000000087900000|100%| O|  |TAMS 0x0000000087800000, 0x0000000087800000| Untracked 
| 121|0x0000000087900000, 0x0000000087a00000, 0x0000000087a00000|100%| O|  |TAMS 0x0000000087900000, 0x0000000087900000| Untracked 
| 122|0x0000000087a00000, 0x0000000087a00000, 0x0000000087b00000|  0%| F|  |TAMS 0x0000000087a00000, 0x0000000087a00000| Untracked 
| 123|0x0000000087b00000, 0x0000000087c00000, 0x0000000087c00000|100%| O|  |TAMS 0x0000000087b00000, 0x0000000087b00000| Untracked 
| 124|0x0000000087c00000, 0x0000000087d00000, 0x0000000087d00000|100%| O|  |TAMS 0x0000000087c00000, 0x0000000087c00000| Untracked 
| 125|0x0000000087d00000, 0x0000000087d2d200, 0x0000000087e00000| 17%| O|  |TAMS 0x0000000087d00000, 0x0000000087d00000| Untracked 
| 126|0x0000000087e00000, 0x0000000087e00000, 0x0000000087f00000|  0%| F|  |TAMS 0x0000000087e00000, 0x0000000087e00000| Untracked 
| 127|0x0000000087f00000, 0x0000000087f00000, 0x0000000088000000|  0%| F|  |TAMS 0x0000000087f00000, 0x0000000087f00000| Untracked 
| 128|0x0000000088000000, 0x0000000088000000, 0x0000000088100000|  0%| F|  |TAMS 0x0000000088000000, 0x0000000088000000| Untracked 
| 129|0x0000000088100000, 0x0000000088200000, 0x0000000088200000|100%| O|  |TAMS 0x0000000088200000, 0x0000000088100000| Untracked 
| 130|0x0000000088200000, 0x0000000088300000, 0x0000000088300000|100%| O|  |TAMS 0x0000000088300000, 0x0000000088200000| Untracked 
| 131|0x0000000088300000, 0x0000000088300000, 0x0000000088400000|  0%| F|  |TAMS 0x0000000088300000, 0x0000000088300000| Untracked 
| 132|0x0000000088400000, 0x0000000088400000, 0x0000000088500000|  0%| F|  |TAMS 0x0000000088400000, 0x0000000088400000| Untracked 
| 133|0x0000000088500000, 0x0000000088500000, 0x0000000088600000|  0%| F|  |TAMS 0x0000000088500000, 0x0000000088500000| Untracked 
| 134|0x0000000088600000, 0x0000000088600000, 0x0000000088700000|  0%| F|  |TAMS 0x0000000088600000, 0x0000000088600000| Untracked 
| 135|0x0000000088700000, 0x0000000088800000, 0x0000000088800000|100%| O|  |TAMS 0x0000000088800000, 0x0000000088700000| Untracked 
| 136|0x0000000088800000, 0x0000000088800000, 0x0000000088900000|  0%| F|  |TAMS 0x0000000088800000, 0x0000000088800000| Untracked 
| 137|0x0000000088900000, 0x0000000088900000, 0x0000000088a00000|  0%| F|  |TAMS 0x0000000088900000, 0x0000000088900000| Untracked 
| 138|0x0000000088a00000, 0x0000000088b00000, 0x0000000088b00000|100%| O|  |TAMS 0x0000000088a00000, 0x0000000088a00000| Untracked 
| 139|0x0000000088b00000, 0x0000000088b00000, 0x0000000088c00000|  0%| F|  |TAMS 0x0000000088b00000, 0x0000000088b00000| Untracked 
| 140|0x0000000088c00000, 0x0000000088c00000, 0x0000000088d00000|  0%| F|  |TAMS 0x0000000088c00000, 0x0000000088c00000| Untracked 
| 141|0x0000000088d00000, 0x0000000088d00000, 0x0000000088e00000|  0%| F|  |TAMS 0x0000000088d00000, 0x0000000088d00000| Untracked 
| 142|0x0000000088e00000, 0x0000000088e00000, 0x0000000088f00000|  0%| F|  |TAMS 0x0000000088e00000, 0x0000000088e00000| Untracked 
| 143|0x0000000088f00000, 0x0000000088f00000, 0x0000000089000000|  0%| F|  |TAMS 0x0000000088f00000, 0x0000000088f00000| Untracked 
| 144|0x0000000089000000, 0x0000000089000000, 0x0000000089100000|  0%| F|  |TAMS 0x0000000089000000, 0x0000000089000000| Untracked 
| 145|0x0000000089100000, 0x0000000089100000, 0x0000000089200000|  0%| F|  |TAMS 0x0000000089100000, 0x0000000089100000| Untracked 
| 146|0x0000000089200000, 0x0000000089200000, 0x0000000089300000|  0%| F|  |TAMS 0x0000000089200000, 0x0000000089200000| Untracked 
| 147|0x0000000089300000, 0x0000000089300000, 0x0000000089400000|  0%| F|  |TAMS 0x0000000089300000, 0x0000000089300000| Untracked 
| 148|0x0000000089400000, 0x0000000089400000, 0x0000000089500000|  0%| F|  |TAMS 0x0000000089400000, 0x0000000089400000| Untracked 
| 149|0x0000000089500000, 0x0000000089500000, 0x0000000089600000|  0%| F|  |TAMS 0x0000000089500000, 0x0000000089500000| Untracked 
| 150|0x0000000089600000, 0x0000000089600000, 0x0000000089700000|  0%| F|  |TAMS 0x0000000089600000, 0x0000000089600000| Untracked 
| 151|0x0000000089700000, 0x0000000089700000, 0x0000000089800000|  0%| F|  |TAMS 0x0000000089700000, 0x0000000089700000| Untracked 
| 152|0x0000000089800000, 0x0000000089800000, 0x0000000089900000|  0%| F|  |TAMS 0x0000000089800000, 0x0000000089800000| Untracked 
| 153|0x0000000089900000, 0x0000000089900000, 0x0000000089a00000|  0%| F|  |TAMS 0x0000000089900000, 0x0000000089900000| Untracked 
| 154|0x0000000089a00000, 0x0000000089a00000, 0x0000000089b00000|  0%| F|  |TAMS 0x0000000089a00000, 0x0000000089a00000| Untracked 
| 155|0x0000000089b00000, 0x0000000089b00000, 0x0000000089c00000|  0%| F|  |TAMS 0x0000000089b00000, 0x0000000089b00000| Untracked 
| 156|0x0000000089c00000, 0x0000000089c00000, 0x0000000089d00000|  0%| F|  |TAMS 0x0000000089c00000, 0x0000000089c00000| Untracked 
| 157|0x0000000089d00000, 0x0000000089d00000, 0x0000000089e00000|  0%| F|  |TAMS 0x0000000089d00000, 0x0000000089d00000| Untracked 
| 158|0x0000000089e00000, 0x0000000089e00000, 0x0000000089f00000|  0%| F|  |TAMS 0x0000000089e00000, 0x0000000089e00000| Untracked 
| 159|0x0000000089f00000, 0x0000000089f00000, 0x000000008a000000|  0%| F|  |TAMS 0x0000000089f00000, 0x0000000089f00000| Untracked 
| 160|0x000000008a000000, 0x000000008a000000, 0x000000008a100000|  0%| F|  |TAMS 0x000000008a000000, 0x000000008a000000| Untracked 
| 161|0x000000008a100000, 0x000000008a100000, 0x000000008a200000|  0%| F|  |TAMS 0x000000008a100000, 0x000000008a100000| Untracked 
| 162|0x000000008a200000, 0x000000008a200000, 0x000000008a300000|  0%| F|  |TAMS 0x000000008a200000, 0x000000008a200000| Untracked 
| 163|0x000000008a300000, 0x000000008a300000, 0x000000008a400000|  0%| F|  |TAMS 0x000000008a300000, 0x000000008a300000| Untracked 
| 164|0x000000008a400000, 0x000000008a400000, 0x000000008a500000|  0%| F|  |TAMS 0x000000008a400000, 0x000000008a400000| Untracked 
| 165|0x000000008a500000, 0x000000008a569878, 0x000000008a600000| 42%| E|  |TAMS 0x000000008a500000, 0x000000008a500000| Complete 
| 166|0x000000008a600000, 0x000000008a700000, 0x000000008a700000|100%| E|CS|TAMS 0x000000008a600000, 0x000000008a600000| Complete 
| 167|0x000000008a700000, 0x000000008a800000, 0x000000008a800000|100%| E|CS|TAMS 0x000000008a700000, 0x000000008a700000| Complete 
| 168|0x000000008a800000, 0x000000008a900000, 0x000000008a900000|100%| E|  |TAMS 0x000000008a800000, 0x000000008a800000| Complete 
| 169|0x000000008a900000, 0x000000008aa00000, 0x000000008aa00000|100%| E|CS|TAMS 0x000000008a900000, 0x000000008a900000| Complete 
| 170|0x000000008aa00000, 0x000000008ab00000, 0x000000008ab00000|100%| E|CS|TAMS 0x000000008aa00000, 0x000000008aa00000| Complete 
| 171|0x000000008ab00000, 0x000000008ac00000, 0x000000008ac00000|100%| E|CS|TAMS 0x000000008ab00000, 0x000000008ab00000| Complete 
| 172|0x000000008ac00000, 0x000000008ad00000, 0x000000008ad00000|100%| E|CS|TAMS 0x000000008ac00000, 0x000000008ac00000| Complete 
| 173|0x000000008ad00000, 0x000000008ae00000, 0x000000008ae00000|100%| E|CS|TAMS 0x000000008ad00000, 0x000000008ad00000| Complete 
| 174|0x000000008ae00000, 0x000000008af00000, 0x000000008af00000|100%| E|CS|TAMS 0x000000008ae00000, 0x000000008ae00000| Complete 
| 175|0x000000008af00000, 0x000000008b000000, 0x000000008b000000|100%| E|CS|TAMS 0x000000008af00000, 0x000000008af00000| Complete 
| 176|0x000000008b000000, 0x000000008b100000, 0x000000008b100000|100%| E|CS|TAMS 0x000000008b000000, 0x000000008b000000| Complete 
| 177|0x000000008b100000, 0x000000008b200000, 0x000000008b200000|100%| E|CS|TAMS 0x000000008b100000, 0x000000008b100000| Complete 
| 178|0x000000008b200000, 0x000000008b300000, 0x000000008b300000|100%| E|CS|TAMS 0x000000008b200000, 0x000000008b200000| Complete 
| 179|0x000000008b300000, 0x000000008b400000, 0x000000008b400000|100%| E|CS|TAMS 0x000000008b300000, 0x000000008b300000| Complete 
| 180|0x000000008b400000, 0x000000008b500000, 0x000000008b500000|100%| E|CS|TAMS 0x000000008b400000, 0x000000008b400000| Complete 
| 181|0x000000008b500000, 0x000000008b600000, 0x000000008b600000|100%| E|CS|TAMS 0x000000008b500000, 0x000000008b500000| Complete 
| 182|0x000000008b600000, 0x000000008b700000, 0x000000008b700000|100%| E|CS|TAMS 0x000000008b600000, 0x000000008b600000| Complete 
| 183|0x000000008b700000, 0x000000008b800000, 0x000000008b800000|100%| E|CS|TAMS 0x000000008b700000, 0x000000008b700000| Complete 
| 184|0x000000008b800000, 0x000000008b900000, 0x000000008b900000|100%| E|CS|TAMS 0x000000008b800000, 0x000000008b800000| Complete 
| 185|0x000000008b900000, 0x000000008ba00000, 0x000000008ba00000|100%| E|CS|TAMS 0x000000008b900000, 0x000000008b900000| Complete 
| 186|0x000000008ba00000, 0x000000008bb00000, 0x000000008bb00000|100%| E|CS|TAMS 0x000000008ba00000, 0x000000008ba00000| Complete 
| 187|0x000000008bb00000, 0x000000008bc00000, 0x000000008bc00000|100%| E|CS|TAMS 0x000000008bb00000, 0x000000008bb00000| Complete 
| 188|0x000000008bc00000, 0x000000008bd00000, 0x000000008bd00000|100%| E|CS|TAMS 0x000000008bc00000, 0x000000008bc00000| Complete 
| 189|0x000000008bd00000, 0x000000008be00000, 0x000000008be00000|100%| E|CS|TAMS 0x000000008bd00000, 0x000000008bd00000| Complete 
| 190|0x000000008be00000, 0x000000008bf00000, 0x000000008bf00000|100%| E|CS|TAMS 0x000000008be00000, 0x000000008be00000| Complete 
| 191|0x000000008bf00000, 0x000000008c000000, 0x000000008c000000|100%| E|CS|TAMS 0x000000008bf00000, 0x000000008bf00000| Complete 
| 192|0x000000008c000000, 0x000000008c100000, 0x000000008c100000|100%| E|CS|TAMS 0x000000008c000000, 0x000000008c000000| Complete 
| 193|0x000000008c100000, 0x000000008c200000, 0x000000008c200000|100%| E|CS|TAMS 0x000000008c100000, 0x000000008c100000| Complete 
| 194|0x000000008c200000, 0x000000008c300000, 0x000000008c300000|100%| E|CS|TAMS 0x000000008c200000, 0x000000008c200000| Complete 
| 195|0x000000008c300000, 0x000000008c400000, 0x000000008c400000|100%| E|CS|TAMS 0x000000008c300000, 0x000000008c300000| Complete 
| 196|0x000000008c400000, 0x000000008c500000, 0x000000008c500000|100%| E|CS|TAMS 0x000000008c400000, 0x000000008c400000| Complete 
| 197|0x000000008c500000, 0x000000008c600000, 0x000000008c600000|100%| E|CS|TAMS 0x000000008c500000, 0x000000008c500000| Complete 
| 198|0x000000008c600000, 0x000000008c700000, 0x000000008c700000|100%| E|CS|TAMS 0x000000008c600000, 0x000000008c600000| Complete 
| 199|0x000000008c700000, 0x000000008c800000, 0x000000008c800000|100%| E|CS|TAMS 0x000000008c700000, 0x000000008c700000| Complete 
| 200|0x000000008c800000, 0x000000008c900000, 0x000000008c900000|100%| E|CS|TAMS 0x000000008c800000, 0x000000008c800000| Complete 
| 201|0x000000008c900000, 0x000000008ca00000, 0x000000008ca00000|100%| E|CS|TAMS 0x000000008c900000, 0x000000008c900000| Complete 
| 202|0x000000008ca00000, 0x000000008cb00000, 0x000000008cb00000|100%| E|CS|TAMS 0x000000008ca00000, 0x000000008ca00000| Complete 
| 203|0x000000008cb00000, 0x000000008cc00000, 0x000000008cc00000|100%| E|CS|TAMS 0x000000008cb00000, 0x000000008cb00000| Complete 
| 204|0x000000008cc00000, 0x000000008cd00000, 0x000000008cd00000|100%| E|CS|TAMS 0x000000008cc00000, 0x000000008cc00000| Complete 
| 205|0x000000008cd00000, 0x000000008ce00000, 0x000000008ce00000|100%| E|CS|TAMS 0x000000008cd00000, 0x000000008cd00000| Complete 
| 206|0x000000008ce00000, 0x000000008cf00000, 0x000000008cf00000|100%| E|CS|TAMS 0x000000008ce00000, 0x000000008ce00000| Complete 
| 207|0x000000008cf00000, 0x000000008d000000, 0x000000008d000000|100%| E|CS|TAMS 0x000000008cf00000, 0x000000008cf00000| Complete 
| 208|0x000000008d000000, 0x000000008d100000, 0x000000008d100000|100%| E|CS|TAMS 0x000000008d000000, 0x000000008d000000| Complete 
| 209|0x000000008d100000, 0x000000008d200000, 0x000000008d200000|100%| E|CS|TAMS 0x000000008d100000, 0x000000008d100000| Complete 
| 210|0x000000008d200000, 0x000000008d300000, 0x000000008d300000|100%| E|CS|TAMS 0x000000008d200000, 0x000000008d200000| Complete 
| 211|0x000000008d300000, 0x000000008d400000, 0x000000008d400000|100%| E|CS|TAMS 0x000000008d300000, 0x000000008d300000| Complete 
| 212|0x000000008d400000, 0x000000008d500000, 0x000000008d500000|100%| E|CS|TAMS 0x000000008d400000, 0x000000008d400000| Complete 
| 213|0x000000008d500000, 0x000000008d5441a8, 0x000000008d600000| 26%| S|CS|TAMS 0x000000008d500000, 0x000000008d500000| Complete 
| 214|0x000000008d600000, 0x000000008d700000, 0x000000008d700000|100%| S|CS|TAMS 0x000000008d600000, 0x000000008d600000| Complete 
| 215|0x000000008d700000, 0x000000008d800000, 0x000000008d800000|100%| E|CS|TAMS 0x000000008d700000, 0x000000008d700000| Complete 
| 216|0x000000008d800000, 0x000000008d900000, 0x000000008d900000|100%| E|CS|TAMS 0x000000008d800000, 0x000000008d800000| Complete 
| 217|0x000000008d900000, 0x000000008da00000, 0x000000008da00000|100%| E|CS|TAMS 0x000000008d900000, 0x000000008d900000| Complete 
| 218|0x000000008da00000, 0x000000008db00000, 0x000000008db00000|100%| E|CS|TAMS 0x000000008da00000, 0x000000008da00000| Complete 
| 219|0x000000008db00000, 0x000000008dc00000, 0x000000008dc00000|100%| E|CS|TAMS 0x000000008db00000, 0x000000008db00000| Complete 

Card table byte_map: [0x0000025076fc0000,0x00000250773c0000] _byte_map_base: 0x0000025076bc0000

Marking Bits (Prev, Next): (CMBitMap*) 0x00000250730ffa00, (CMBitMap*) 0x00000250730ff9c8
 Prev Bits: [0x00000250797c0000, 0x000002507b7c0000)
 Next Bits: [0x00000250777c0000, 0x00000250797c0000)

Polling page: 0x0000025070fa0000

Metaspace:

Usage:
  Non-class:    110.89 MB capacity,   108.14 MB ( 98%) used,     2.23 MB (  2%) free+waste,   524.06 KB ( <1%) overhead. 
      Class:     17.46 MB capacity,    15.86 MB ( 91%) used,     1.37 MB (  8%) free+waste,   234.75 KB (  1%) overhead. 
       Both:    128.35 MB capacity,   124.00 MB ( 97%) used,     3.61 MB (  3%) free+waste,   758.81 KB ( <1%) overhead. 

Virtual space:
  Non-class space:      112.00 MB reserved,     110.95 MB (>99%) committed 
      Class space:        1.00 GB reserved,      17.57 MB (  2%) committed 
             Both:        1.11 GB reserved,     128.53 MB ( 11%) committed 

Chunk freelists:
   Non-Class:  0 bytes
       Class:  0 bytes
        Both:  0 bytes

MaxMetaspaceSize: 17179869184.00 GB
CompressedClassSpaceSize: 1.00 GB

CodeHeap 'non-profiled nmethods': size=120064Kb used=15070Kb max_used=15070Kb free=104993Kb
 bounds [0x0000025007ac0000, 0x0000025008980000, 0x000002500f000000]
CodeHeap 'profiled nmethods': size=120000Kb used=48353Kb max_used=48873Kb free=71647Kb
 bounds [0x0000025000590000, 0x0000025003580000, 0x0000025007ac0000]
CodeHeap 'non-nmethods': size=5696Kb used=2366Kb max_used=2434Kb free=3330Kb
 bounds [0x0000025000000000, 0x0000025000270000, 0x0000025000590000]
 total_blobs=22556 nmethods=21551 adapters=915
 compilation: enabled
              stopped_count=0, restarted_count=0
 full_count=0

Compilation events (20 events):
Event: 1273.077 Thread 0x000002507dccb800 nmethod 23546 0x00000250010bf010 code [0x00000250010bf1e0, 0x00000250010bf478]
Event: 1273.080 Thread 0x000002507dccb800 23549       3       java.util.ArrayList$ListItr::previous (59 bytes)
Event: 1273.080 Thread 0x000002507dccb800 nmethod 23549 0x00000250010fd590 code [0x00000250010fd7a0, 0x00000250010fdc48]
Event: 1273.082 Thread 0x000002507dccb800 23550       3       com.google.common.collect.Lists$ReverseList$1::next (30 bytes)
Event: 1273.083 Thread 0x000002507dccb800 nmethod 23550 0x0000025001192e10 code [0x0000025001193000, 0x0000025001193408]
Event: 1273.083 Thread 0x000002507dccb800 23551       3       org.gradle.api.internal.tasks.compile.incremental.deps.ClassSetAnalysisData$$Lambda$1088/0x0000000100d12440::get$Lambda (9 bytes)
Event: 1273.083 Thread 0x000002507dccb800 nmethod 23551 0x0000025001031390 code [0x0000025001031560, 0x00000250010317b8]
Event: 1273.087 Thread 0x000002507dcc5000 nmethod 23547 0x0000025008086110 code [0x00000250080862a0, 0x00000250080863d8]
Event: 1273.088 Thread 0x000002507dcc5000 23548       4       org.gradle.api.internal.tasks.compile.incremental.deps.ClassSetAnalysisData$$Lambda$1088/0x0000000100d12440::accept (18 bytes)
Event: 1273.090 Thread 0x000002507dcc5000 nmethod 23548 0x0000025008085c90 code [0x0000025008085e40, 0x0000025008085f88]
Event: 1273.090 Thread 0x000002507dcc5000 23553       4       org.gradle.api.internal.tasks.compile.incremental.compilerapi.deps.DependentsSet::merge (230 bytes)
Event: 1273.091 Thread 0x000002500f9ab000 23555       4       com.google.common.collect.AbstractListMultimap::wrapCollection (11 bytes)
Event: 1273.107 Thread 0x000002500f9ab000 nmethod 23555 0x0000025008085310 code [0x00000250080854c0, 0x0000025008085b18]
Event: 1273.107 Thread 0x000002500f9ab000 23552       4       com.google.common.collect.AbstractMapBasedMultimap$AsMap$AsMapIterator::hasNext (10 bytes)
Event: 1273.108 Thread 0x000002500f9ab000 nmethod 23552 0x0000025008084e90 code [0x0000025008085020, 0x00000250080850b8]
Event: 1273.108 Thread 0x000002500f9ab000 23554       4       com.google.common.collect.AbstractMapBasedMultimap$AsMap$AsMapIterator::next (5 bytes)
Event: 1273.134 Thread 0x000002500f9ab000 nmethod 23554 0x0000025008976e90 code [0x0000025008977080, 0x00000250089777f8]
Event: 1273.161 Thread 0x000002500f9ab000 23556       4       org.gradle.api.internal.tasks.compile.incremental.compilerapi.deps.DependentsSet::dependents (52 bytes)
Event: 1273.167 Thread 0x000002500f9ab000 nmethod 23556 0x0000025008977c90 code [0x0000025008977e80, 0x00000250089780d0]
Event: 1273.173 Thread 0x000002500f9ab000 23557       4       org.gradle.api.internal.tasks.compile.incremental.deps.ClassSetAnalysisData::getDependents (91 bytes)

GC Heap History (20 events):
Event: 850.403 GC heap before
{Heap before GC invocations=52 (full 0):
 garbage-first heap   total 225280K, used 136581K [0x0000000080000000, 0x0000000100000000)
  region size 1024K, 11 young (11264K), 3 survivors (3072K)
 Metaspace       used 124679K, capacity 128433K, committed 128540K, reserved 1161216K
  class space    used 15977K, capacity 17398K, committed 17484K, reserved 1048576K
}
Event: 850.433 GC heap after
{Heap after GC invocations=53 (full 0):
 garbage-first heap   total 225280K, used 120633K [0x0000000080000000, 0x0000000100000000)
  region size 1024K, 1 young (1024K), 1 survivors (1024K)
 Metaspace       used 124679K, capacity 128433K, committed 128540K, reserved 1161216K
  class space    used 15977K, capacity 17398K, committed 17484K, reserved 1048576K
}
Event: 852.552 GC heap before
{Heap before GC invocations=53 (full 0):
 garbage-first heap   total 225280K, used 176953K [0x0000000080000000, 0x0000000100000000)
  region size 1024K, 57 young (58368K), 1 survivors (1024K)
 Metaspace       used 124815K, capacity 128562K, committed 128796K, reserved 1161216K
  class space    used 15978K, capacity 17398K, committed 17484K, reserved 1048576K
}
Event: 852.613 GC heap after
{Heap after GC invocations=54 (full 0):
 garbage-first heap   total 225280K, used 126353K [0x0000000080000000, 0x0000000100000000)
  region size 1024K, 7 young (7168K), 7 survivors (7168K)
 Metaspace       used 124815K, capacity 128562K, committed 128796K, reserved 1161216K
  class space    used 15978K, capacity 17398K, committed 17484K, reserved 1048576K
}
Event: 960.327 GC heap before
{Heap before GC invocations=55 (full 0):
 garbage-first heap   total 225280K, used 192913K [0x0000000080000000, 0x0000000100000000)
  region size 1024K, 60 young (61440K), 7 survivors (7168K)
 Metaspace       used 125101K, capacity 128813K, committed 129052K, reserved 1161216K
  class space    used 15985K, capacity 17409K, committed 17484K, reserved 1048576K
}
Event: 960.360 GC heap after
{Heap after GC invocations=56 (full 0):
 garbage-first heap   total 225280K, used 127756K [0x0000000080000000, 0x0000000100000000)
  region size 1024K, 4 young (4096K), 4 survivors (4096K)
 Metaspace       used 125101K, capacity 128813K, committed 129052K, reserved 1161216K
  class space    used 15985K, capacity 17409K, committed 17484K, reserved 1048576K
}
Event: 960.569 GC heap before
{Heap before GC invocations=56 (full 0):
 garbage-first heap   total 225280K, used 134924K [0x0000000080000000, 0x0000000100000000)
  region size 1024K, 11 young (11264K), 4 survivors (4096K)
 Metaspace       used 125148K, capacity 128867K, committed 129052K, reserved 1161216K
  class space    used 15990K, capacity 17418K, committed 17484K, reserved 1048576K
}
Event: 960.598 GC heap after
{Heap after GC invocations=57 (full 0):
 garbage-first heap   total 225280K, used 121964K [0x0000000080000000, 0x0000000100000000)
  region size 1024K, 2 young (2048K), 2 survivors (2048K)
 Metaspace       used 125148K, capacity 128867K, committed 129052K, reserved 1161216K
  class space    used 15990K, capacity 17418K, committed 17484K, reserved 1048576K
}
Event: 964.350 GC heap before
{Heap before GC invocations=57 (full 0):
 garbage-first heap   total 225280K, used 179308K [0x0000000080000000, 0x0000000100000000)
  region size 1024K, 59 young (60416K), 2 survivors (2048K)
 Metaspace       used 125801K, capacity 129769K, committed 129948K, reserved 1161216K
  class space    used 16078K, capacity 17581K, committed 17612K, reserved 1048576K
}
Event: 964.400 GC heap after
{Heap after GC invocations=58 (full 0):
 garbage-first heap   total 225280K, used 127189K [0x0000000080000000, 0x0000000100000000)
  region size 1024K, 7 young (7168K), 7 survivors (7168K)
 Metaspace       used 125801K, capacity 129769K, committed 129948K, reserved 1161216K
  class space    used 16078K, capacity 17581K, committed 17612K, reserved 1048576K
}
Event: 1058.637 GC heap before
{Heap before GC invocations=59 (full 0):
 garbage-first heap   total 225280K, used 195797K [0x0000000080000000, 0x0000000100000000)
  region size 1024K, 62 young (63488K), 7 survivors (7168K)
 Metaspace       used 125933K, capacity 129908K, committed 129948K, reserved 1161216K
  class space    used 16079K, capacity 17583K, committed 17612K, reserved 1048576K
}
Event: 1058.670 GC heap after
{Heap after GC invocations=60 (full 0):
 garbage-first heap   total 225280K, used 129802K [0x0000000080000000, 0x0000000100000000)
  region size 1024K, 5 young (5120K), 5 survivors (5120K)
 Metaspace       used 125933K, capacity 129908K, committed 129948K, reserved 1161216K
  class space    used 16079K, capacity 17583K, committed 17612K, reserved 1048576K
}
Event: 1058.878 GC heap before
{Heap before GC invocations=60 (full 0):
 garbage-first heap   total 225280K, used 135946K [0x0000000080000000, 0x0000000100000000)
  region size 1024K, 11 young (11264K), 5 survivors (5120K)
 Metaspace       used 125951K, capacity 129978K, committed 130204K, reserved 1161216K
  class space    used 16079K, capacity 17584K, committed 17612K, reserved 1048576K
}
Event: 1058.914 GC heap after
{Heap after GC invocations=61 (full 0):
 garbage-first heap   total 225280K, used 124734K [0x0000000080000000, 0x0000000100000000)
  region size 1024K, 2 young (2048K), 2 survivors (2048K)
 Metaspace       used 125951K, capacity 129978K, committed 130204K, reserved 1161216K
  class space    used 16079K, capacity 17584K, committed 17612K, reserved 1048576K
}
Event: 1063.466 GC heap before
{Heap before GC invocations=61 (full 0):
 garbage-first heap   total 225280K, used 181054K [0x0000000080000000, 0x0000000100000000)
  region size 1024K, 58 young (59392K), 2 survivors (2048K)
 Metaspace       used 126034K, capacity 130047K, committed 130204K, reserved 1161216K
  class space    used 16080K, capacity 17584K, committed 17612K, reserved 1048576K
}
Event: 1063.499 GC heap after
{Heap after GC invocations=62 (full 0):
 garbage-first heap   total 225280K, used 128806K [0x0000000080000000, 0x0000000100000000)
  region size 1024K, 6 young (6144K), 6 survivors (6144K)
 Metaspace       used 126034K, capacity 130047K, committed 130204K, reserved 1161216K
  class space    used 16080K, capacity 17584K, committed 17612K, reserved 1048576K
}
Event: 1269.244 GC heap before
{Heap before GC invocations=63 (full 0):
 garbage-first heap   total 225280K, used 198438K [0x0000000080000000, 0x0000000100000000)
  region size 1024K, 61 young (62464K), 6 survivors (6144K)
 Metaspace       used 126505K, capacity 130711K, committed 130844K, reserved 1163264K
  class space    used 16131K, capacity 17678K, committed 17740K, reserved 1048576K
}
Event: 1269.280 GC heap after
{Heap after GC invocations=64 (full 0):
 garbage-first heap   total 225280K, used 133486K [0x0000000080000000, 0x0000000100000000)
  region size 1024K, 6 young (6144K), 6 survivors (6144K)
 Metaspace       used 126505K, capacity 130711K, committed 130844K, reserved 1163264K
  class space    used 16131K, capacity 17678K, committed 17740K, reserved 1048576K
}
Event: 1269.450 GC heap before
{Heap before GC invocations=64 (full 0):
 garbage-first heap   total 225280K, used 138606K [0x0000000080000000, 0x0000000100000000)
  region size 1024K, 11 young (11264K), 6 survivors (6144K)
 Metaspace       used 126563K, capacity 130794K, committed 130844K, reserved 1163264K
  class space    used 16144K, capacity 17702K, committed 17740K, reserved 1048576K
}
Event: 1269.480 GC heap after
{Heap after GC invocations=65 (full 0):
 garbage-first heap   total 225280K, used 126404K [0x0000000080000000, 0x0000000100000000)
  region size 1024K, 2 young (2048K), 2 survivors (2048K)
 Metaspace       used 126563K, capacity 130794K, committed 130844K, reserved 1163264K
  class space    used 16144K, capacity 17702K, committed 17740K, reserved 1048576K
}

Deoptimization events (20 events):
Event: 1058.494 Thread 0x000002500f9ab000 DEOPT PACKING pc=0x00000250012fd7df sp=0x000000db45ef8820
Event: 1058.495 Thread 0x000002500f9ab000 DEOPT UNPACKING pc=0x00000250000266bf sp=0x000000db45ef7ca8 mode 0
Event: 1058.991 Thread 0x000002500f9ab000 DEOPT PACKING pc=0x00000250016ef291 sp=0x000000db45efb230
Event: 1058.991 Thread 0x000002500f9ab000 DEOPT UNPACKING pc=0x00000250000266bf sp=0x000000db45efa7f0 mode 0
Event: 1063.500 Thread 0x0000025014aed000 DEOPT PACKING pc=0x00000250025b8b1f sp=0x000000db472fb7d0
Event: 1063.500 Thread 0x0000025014aed000 DEOPT UNPACKING pc=0x00000250000266bf sp=0x000000db472fac60 mode 0
Event: 1063.932 Thread 0x0000025014af1000 DEOPT PACKING pc=0x00000250007df960 sp=0x000000db4affdd20
Event: 1063.932 Thread 0x0000025014af1000 DEOPT UNPACKING pc=0x00000250000266bf sp=0x000000db4affd200 mode 0
Event: 1268.328 Thread 0x0000025014ae2800 DEOPT PACKING pc=0x0000025001e6b058 sp=0x000000db45efaef0
Event: 1268.328 Thread 0x0000025014ae2800 DEOPT UNPACKING pc=0x00000250000266bf sp=0x000000db45efa3c0 mode 0
Event: 1269.161 Thread 0x0000025014ae2800 DEOPT PACKING pc=0x000002500110fe3c sp=0x000000db45ef81b0
Event: 1269.161 Thread 0x0000025014ae2800 DEOPT UNPACKING pc=0x00000250000266bf sp=0x000000db45ef7670 mode 0
Event: 1269.204 Thread 0x0000025014ae2800 Uncommon trap: trap_request=0xffffffbe fr.pc=0x000002500807b6d8 relative=0x0000000000001358
Event: 1269.204 Thread 0x0000025014ae2800 Uncommon trap: reason=profile_predicate action=maybe_recompile pc=0x000002500807b6d8 method=kotlin.collections.CollectionsKt__MutableCollectionsKt.addAll(Ljava/util/Collection;Ljava/lang/Iterable;)Z @ 49 c2
Event: 1269.204 Thread 0x0000025014ae2800 DEOPT PACKING pc=0x000002500807b6d8 sp=0x000000db45ef8650
Event: 1269.204 Thread 0x0000025014ae2800 DEOPT UNPACKING pc=0x00000250000262a9 sp=0x000000db45ef8660 mode 2
Event: 1269.204 Thread 0x0000025014ae2800 Uncommon trap: trap_request=0xffffffbe fr.pc=0x000002500807b6d8 relative=0x0000000000001358
Event: 1269.204 Thread 0x0000025014ae2800 Uncommon trap: reason=profile_predicate action=maybe_recompile pc=0x000002500807b6d8 method=kotlin.collections.CollectionsKt__MutableCollectionsKt.addAll(Ljava/util/Collection;Ljava/lang/Iterable;)Z @ 49 c2
Event: 1269.204 Thread 0x0000025014ae2800 DEOPT PACKING pc=0x000002500807b6d8 sp=0x000000db45ef8650
Event: 1269.204 Thread 0x0000025014ae2800 DEOPT UNPACKING pc=0x00000250000262a9 sp=0x000000db45ef8660 mode 2

Classes redefined (0 events):
No events

Internal exceptions (20 events):
Event: 1058.805 Thread 0x000002500f9ab000 Exception <a 'sun/nio/fs/WindowsException'{0x000000008d8e7f10}> (0x000000008d8e7f10) thrown at [./src/hotspot/share/prims/jni.cpp, line 615]
Event: 1058.817 Thread 0x000002500f9ab000 Exception <a 'sun/nio/fs/WindowsException'{0x000000008d78e3f8}> (0x000000008d78e3f8) thrown at [./src/hotspot/share/prims/jni.cpp, line 615]
Event: 1058.817 Thread 0x000002500f9ab000 Exception <a 'sun/nio/fs/WindowsException'{0x000000008d78f660}> (0x000000008d78f660) thrown at [./src/hotspot/share/prims/jni.cpp, line 615]
Event: 1058.818 Thread 0x000002500f9ab000 Exception <a 'sun/nio/fs/WindowsException'{0x000000008d790918}> (0x000000008d790918) thrown at [./src/hotspot/share/prims/jni.cpp, line 615]
Event: 1058.818 Thread 0x000002500f9ab000 Exception <a 'sun/nio/fs/WindowsException'{0x000000008d791e18}> (0x000000008d791e18) thrown at [./src/hotspot/share/prims/jni.cpp, line 615]
Event: 1060.366 Thread 0x0000025014ae6800 Exception <a 'java/lang/InterruptedException'{0x000000008b3fbce0}> (0x000000008b3fbce0) thrown at [./src/hotspot/share/runtime/objectMonitor.cpp, line 1635]
Event: 1063.376 Thread 0x0000025014aed000 Exception <a 'sun/nio/fs/WindowsException'{0x000000008a414480}> (0x000000008a414480) thrown at [./src/hotspot/share/prims/jni.cpp, line 615]
Event: 1063.538 Thread 0x0000025014aed000 Exception <a 'sun/nio/fs/WindowsException'{0x000000008dbcd210}> (0x000000008dbcd210) thrown at [./src/hotspot/share/prims/jni.cpp, line 615]
Event: 1063.933 Thread 0x0000025014af1000 Exception <a 'sun/nio/fs/WindowsException'{0x000000008d8c2000}> (0x000000008d8c2000) thrown at [./src/hotspot/share/prims/jni.cpp, line 615]
Event: 1063.976 Thread 0x0000025014af1000 Exception <a 'sun/nio/fs/WindowsException'{0x000000008d7c3f78}> (0x000000008d7c3f78) thrown at [./src/hotspot/share/prims/jni.cpp, line 615]
Event: 1064.577 Thread 0x000002500f9ab000 Exception <a 'sun/nio/fs/WindowsException'{0x000000008da8aa78}> (0x000000008da8aa78) thrown at [./src/hotspot/share/prims/jni.cpp, line 615]
Event: 1064.577 Thread 0x000002500f9ab000 Exception <a 'sun/nio/fs/WindowsException'{0x000000008da8abb0}> (0x000000008da8abb0) thrown at [./src/hotspot/share/prims/jni.cpp, line 615]
Event: 1064.577 Thread 0x000002500f9ab000 Exception <a 'sun/nio/fs/WindowsException'{0x000000008da8c458}> (0x000000008da8c458) thrown at [./src/hotspot/share/prims/jni.cpp, line 615]
Event: 1268.782 Thread 0x0000025014ae2800 Exception <a 'sun/nio/fs/WindowsException'{0x000000008b625dc0}> (0x000000008b625dc0) thrown at [./src/hotspot/share/prims/jni.cpp, line 615]
Event: 1269.172 Thread 0x0000025014ae2800 Exception <a 'sun/nio/fs/WindowsException'{0x000000008a8ce7a0}> (0x000000008a8ce7a0) thrown at [./src/hotspot/share/prims/jni.cpp, line 615]
Event: 1269.183 Thread 0x0000025014ae2800 Exception <a 'sun/nio/fs/WindowsException'{0x000000008a7712a0}> (0x000000008a7712a0) thrown at [./src/hotspot/share/prims/jni.cpp, line 615]
Event: 1269.184 Thread 0x0000025014ae2800 Exception <a 'sun/nio/fs/WindowsException'{0x000000008a772508}> (0x000000008a772508) thrown at [./src/hotspot/share/prims/jni.cpp, line 615]
Event: 1269.184 Thread 0x0000025014ae2800 Exception <a 'sun/nio/fs/WindowsException'{0x000000008a7737c0}> (0x000000008a7737c0) thrown at [./src/hotspot/share/prims/jni.cpp, line 615]
Event: 1269.184 Thread 0x0000025014ae2800 Exception <a 'sun/nio/fs/WindowsException'{0x000000008a774a78}> (0x000000008a774a78) thrown at [./src/hotspot/share/prims/jni.cpp, line 615]
Event: 1270.311 Thread 0x00000250156c7800 Exception <a 'java/lang/InterruptedException'{0x000000008b7e37f0}> (0x000000008b7e37f0) thrown at [./src/hotspot/share/runtime/objectMonitor.cpp, line 1635]

Events (20 events):
Event: 1271.377 Executing VM operation: RevokeBias
Event: 1271.377 Executing VM operation: RevokeBias done
Event: 1271.377 Executing VM operation: RevokeBias
Event: 1271.378 Executing VM operation: RevokeBias done
Event: 1271.378 Executing VM operation: RevokeBias
Event: 1271.378 Executing VM operation: RevokeBias done
Event: 1271.378 Executing VM operation: RevokeBias
Event: 1271.378 Executing VM operation: RevokeBias done
Event: 1271.378 Executing VM operation: RevokeBias
Event: 1271.379 Executing VM operation: RevokeBias done
Event: 1271.379 Executing VM operation: RevokeBias
Event: 1271.379 Executing VM operation: RevokeBias done
Event: 1272.950 Thread 0x000002500fe77800 Thread exited: 0x000002500fe77800
Event: 1272.950 Executing VM operation: BulkRevokeBias
Event: 1272.954 Executing VM operation: BulkRevokeBias done
Event: 1273.046 Thread 0x000002500f9a8000 Thread added: 0x000002500f9a8000
Event: 1273.046 Thread 0x000002500f9a4000 Thread added: 0x000002500f9a4000
Event: 1273.047 Thread 0x000002500f9a5800 Thread added: 0x000002500f9a5800
Event: 1273.047 Thread 0x000002500f9b0000 Thread added: 0x000002500f9b0000
Event: 1273.090 Thread 0x000002500f9ab000 Thread added: 0x000002500f9ab000


Dynamic libraries:
0x00007ff7d46e0000 - 0x00007ff7d46ea000 	C:\Android\Android_studio\jre\bin\java.exe
0x00007fff8ca10000 - 0x00007fff8cc05000 	C:\WINDOWS\SYSTEM32\ntdll.dll
0x00007fff8c7f0000 - 0x00007fff8c8ae000 	C:\WINDOWS\System32\KERNEL32.DLL
0x00007fff8a2e0000 - 0x00007fff8a5a8000 	C:\WINDOWS\System32\KERNELBASE.dll
0x00007fff8a180000 - 0x00007fff8a280000 	C:\WINDOWS\System32\ucrtbase.dll
0x00007fff83ac0000 - 0x00007fff83ad9000 	C:\Android\Android_studio\jre\bin\jli.dll
0x00007fff8c090000 - 0x00007fff8c231000 	C:\WINDOWS\System32\USER32.dll
0x00007fff6fa90000 - 0x00007fff6fd2a000 	C:\WINDOWS\WinSxS\amd64_microsoft.windows.common-controls_6595b64144ccf1df_6.0.19041.1110_none_60b5254171f9507e\COMCTL32.dll
0x00007fff78da0000 - 0x00007fff78db7000 	C:\Android\Android_studio\jre\bin\VCRUNTIME140.dll
0x00007fff8a280000 - 0x00007fff8a2a2000 	C:\WINDOWS\System32\win32u.dll
0x00007fff8bde0000 - 0x00007fff8be0b000 	C:\WINDOWS\System32\GDI32.dll
0x00007fff8bbc0000 - 0x00007fff8bc5e000 	C:\WINDOWS\System32\msvcrt.dll
0x00007fff8a8b0000 - 0x00007fff8a9bd000 	C:\WINDOWS\System32\gdi32full.dll
0x00007fff8a6b0000 - 0x00007fff8a74d000 	C:\WINDOWS\System32\msvcp_win.dll
0x00007fff8c5c0000 - 0x00007fff8c5f0000 	C:\WINDOWS\System32\IMM32.DLL
0x00007fff61f70000 - 0x00007fff6200d000 	C:\Android\Android_studio\jre\bin\msvcp140.dll
0x00007fff3dc80000 - 0x00007fff3e755000 	C:\Android\Android_studio\jre\bin\server\jvm.dll
0x00007fff8ba60000 - 0x00007fff8bb0c000 	C:\WINDOWS\System32\ADVAPI32.dll
0x00007fff8c370000 - 0x00007fff8c40b000 	C:\WINDOWS\System32\sechost.dll
0x00007fff8bf60000 - 0x00007fff8c08a000 	C:\WINDOWS\System32\RPCRT4.dll
0x00007fff8c5f0000 - 0x00007fff8c5f8000 	C:\WINDOWS\System32\PSAPI.DLL
0x00007fff74590000 - 0x00007fff74599000 	C:\WINDOWS\SYSTEM32\WSOCK32.dll
0x00007fff751f0000 - 0x00007fff75217000 	C:\WINDOWS\SYSTEM32\WINMM.dll
0x00007fff8bcf0000 - 0x00007fff8bd5b000 	C:\WINDOWS\System32\WS2_32.dll
0x00007fff837b0000 - 0x00007fff837ba000 	C:\WINDOWS\SYSTEM32\VERSION.dll
0x00007fff88010000 - 0x00007fff88022000 	C:\WINDOWS\SYSTEM32\kernel.appcore.dll
0x00007fff87900000 - 0x00007fff87911000 	C:\Android\Android_studio\jre\bin\verify.dll
0x00007fff74700000 - 0x00007fff748e4000 	C:\WINDOWS\SYSTEM32\DBGHELP.DLL
0x00007fff746d0000 - 0x00007fff746fc000 	C:\WINDOWS\SYSTEM32\dbgcore.DLL
0x00007fff8a9c0000 - 0x00007fff8aa42000 	C:\WINDOWS\System32\bcryptPrimitives.dll
0x00007fff85090000 - 0x00007fff850b9000 	C:\Android\Android_studio\jre\bin\java.dll
0x00007fff85b70000 - 0x00007fff85b7b000 	C:\Android\Android_studio\jre\bin\jimage.dll
0x00007fff85140000 - 0x00007fff85158000 	C:\Android\Android_studio\jre\bin\zip.dll
0x00007fff8aa50000 - 0x00007fff8b194000 	C:\WINDOWS\System32\SHELL32.dll
0x00007fff88210000 - 0x00007fff889a4000 	C:\WINDOWS\SYSTEM32\windows.storage.dll
0x00007fff8b700000 - 0x00007fff8ba55000 	C:\WINDOWS\System32\combase.dll
0x00007fff89aa0000 - 0x00007fff89ace000 	C:\WINDOWS\SYSTEM32\Wldp.dll
0x00007fff8bb10000 - 0x00007fff8bbbd000 	C:\WINDOWS\System32\SHCORE.dll
0x00007fff8c6b0000 - 0x00007fff8c705000 	C:\WINDOWS\System32\shlwapi.dll
0x00007fff8a060000 - 0x00007fff8a07f000 	C:\WINDOWS\SYSTEM32\profapi.dll
0x00007fff85070000 - 0x00007fff8508a000 	C:\Android\Android_studio\jre\bin\net.dll
0x00007fff78f20000 - 0x00007fff7902c000 	C:\WINDOWS\SYSTEM32\WINHTTP.dll
0x00007fff89800000 - 0x00007fff8986a000 	C:\WINDOWS\system32\mswsock.dll
0x00007fff845f0000 - 0x00007fff84604000 	C:\Android\Android_studio\jre\bin\nio.dll
0x00007fff84710000 - 0x00007fff84737000 	C:\Users\acer\.gradle\native\e1d6ef7f7dcc3fd88c89a11ec53ec762bb8ba0a96d01ffa2cd45eb1d1d8dd5c5\windows-amd64\native-platform.dll
0x00007fff58540000 - 0x00007fff58684000 	C:\Users\acer\.gradle\native\5664cfc778a61ccfe75a443a1ab52a65af34e5dc3c78e0209fed803814484fcb\windows-amd64\native-platform-file-events.dll
0x00007fff85060000 - 0x00007fff8506a000 	C:\Android\Android_studio\jre\bin\management.dll
0x00007fff84b60000 - 0x00007fff84b6d000 	C:\Android\Android_studio\jre\bin\management_ext.dll
0x00007fff89a00000 - 0x00007fff89a18000 	C:\WINDOWS\SYSTEM32\CRYPTSP.dll
0x00007fff89180000 - 0x00007fff891b4000 	C:\WINDOWS\system32\rsaenh.dll
0x00007fff8a2b0000 - 0x00007fff8a2d7000 	C:\WINDOWS\System32\bcrypt.dll
0x00007fff89fe0000 - 0x00007fff8a00e000 	C:\WINDOWS\SYSTEM32\USERENV.dll
0x00007fff899f0000 - 0x00007fff899fc000 	C:\WINDOWS\SYSTEM32\CRYPTBASE.dll
0x00007fff894f0000 - 0x00007fff8952b000 	C:\WINDOWS\SYSTEM32\IPHLPAPI.DLL
0x00007fff8bf50000 - 0x00007fff8bf58000 	C:\WINDOWS\System32\NSI.dll
0x00007fff7ff30000 - 0x00007fff7ff47000 	C:\WINDOWS\SYSTEM32\dhcpcsvc6.DLL
0x00007fff81f60000 - 0x00007fff81f7d000 	C:\WINDOWS\SYSTEM32\dhcpcsvc.DLL
0x00007fff89530000 - 0x00007fff895fb000 	C:\WINDOWS\SYSTEM32\DNSAPI.dll
0x00007fff68db0000 - 0x00007fff68dce000 	C:\Users\acer\AppData\Local\Temp\native-platform8308588685502754210dir\native-platform.dll
0x00007fff73190000 - 0x00007fff73198000 	C:\Android\Android_studio\jre\bin\rmi.dll
0x00007fff653a0000 - 0x00007fff653b7000 	C:\WINDOWS\system32\napinsp.dll
0x00007fff65360000 - 0x00007fff6537b000 	C:\WINDOWS\system32\pnrpnsp.dll
0x00007fff653c0000 - 0x00007fff653d5000 	C:\WINDOWS\system32\wshbth.dll
0x00007fff85be0000 - 0x00007fff85bfd000 	C:\WINDOWS\system32\NLAapi.dll
0x00007fff65340000 - 0x00007fff65352000 	C:\WINDOWS\System32\winrnr.dll
0x0000000064970000 - 0x0000000064996000 	C:\Program Files\Bonjour\mdnsNSP.dll
0x00007fff77cf0000 - 0x00007fff77cfa000 	C:\Windows\System32\rasadhlp.dll
0x00007fff77f30000 - 0x00007fff77faf000 	C:\WINDOWS\System32\fwpuclnt.dll

dbghelp: loaded successfully - version: 4.0.5 - missing functions: none
symbol engine: initialized successfully - sym options: 0x614 - pdb path: .;C:\Android\Android_studio\jre\bin;C:\WINDOWS\SYSTEM32;C:\WINDOWS\WinSxS\amd64_microsoft.windows.common-controls_6595b64144ccf1df_6.0.19041.1110_none_60b5254171f9507e;C:\Android\Android_studio\jre\bin\server;C:\Users\acer\.gradle\native\e1d6ef7f7dcc3fd88c89a11ec53ec762bb8ba0a96d01ffa2cd45eb1d1d8dd5c5\windows-amd64;C:\Users\acer\.gradle\native\5664cfc778a61ccfe75a443a1ab52a65af34e5dc3c78e0209fed803814484fcb\windows-amd64;C:\Users\acer\AppData\Local\Temp\native-platform8308588685502754210dir;C:\Program Files\Bonjour

VM Arguments:
jvm_args: --add-opens=java.base/java.util=ALL-UNNAMED --add-opens=java.base/java.lang=ALL-UNNAMED --add-opens=java.base/java.lang.invoke=ALL-UNNAMED --add-opens=java.base/java.util=ALL-UNNAMED --add-opens=java.prefs/java.util.prefs=ALL-UNNAMED --add-opens=java.prefs/java.util.prefs=ALL-UNNAMED --add-opens=java.base/java.nio.charset=ALL-UNNAMED --add-opens=java.base/java.net=ALL-UNNAMED --add-opens=java.base/java.util.concurrent.atomic=ALL-UNNAMED -Xmx2048m -Dfile.encoding=UTF-8 -Duser.country=RU -Duser.language=ru -Duser.variant 
java_command: org.gradle.launcher.daemon.bootstrap.GradleDaemon 7.2
java_class_path (initial): C:\Users\acer\.gradle\wrapper\dists\gradle-7.2-bin\2dnblmf4td7x66yl1d74lt32g\gradle-7.2\lib\gradle-launcher-7.2.jar
Launcher Type: SUN_STANDARD

[Global flags]
     intx CICompilerCount                          = 3                                         {product} {ergonomic}
     uint ConcGCThreads                            = 1                                         {product} {ergonomic}
     uint G1ConcRefinementThreads                  = 4                                         {product} {ergonomic}
   size_t G1HeapRegionSize                         = 1048576                                   {product} {ergonomic}
    uintx GCDrainStackTargetSize                   = 64                                        {product} {ergonomic}
   size_t InitialHeapSize                          = 132120576                                 {product} {ergonomic}
   size_t MarkStackSize                            = 4194304                                   {product} {ergonomic}
   size_t MaxHeapSize                              = 2147483648                                {product} {command line}
   size_t MaxNewSize                               = 1287651328                                {product} {ergonomic}
   size_t MinHeapDeltaBytes                        = 1048576                                   {product} {ergonomic}
    uintx NonNMethodCodeHeapSize                   = 5830732                                {pd product} {ergonomic}
    uintx NonProfiledCodeHeapSize                  = 122913754                              {pd product} {ergonomic}
    uintx ProfiledCodeHeapSize                     = 122913754                              {pd product} {ergonomic}
    uintx ReservedCodeCacheSize                    = 251658240                              {pd product} {ergonomic}
     bool SegmentedCodeCache                       = true                                      {product} {ergonomic}
     bool UseCompressedClassPointers               = true                                 {lp64_product} {ergonomic}
     bool UseCompressedOops                        = true                                 {lp64_product} {ergonomic}
     bool UseG1GC                                  = true                                      {product} {ergonomic}
     bool UseLargePagesIndividualAllocation        = false                                  {pd product} {ergonomic}

Logging:
Log output configuration:
 #0: stdout all=warning uptime,level,tags
 #1: stderr all=off uptime,level,tags

Environment Variables:
JAVA_HOME=C:\Program Files\Java\openjdk-16.0.1
PATH=C:\Program Files (x86)\Common Files\Oracle\Java\javapath;C:\Program Files\NVIDIA Corporation\NVIDIA NvDLISR;C:\Program Files\nodejs\;C:\Users\acer\AppData\Local\Programs\Python\Python38-32\Scripts\;C:\Users\acer\AppData\Local\Programs\Python\Python38-32\;C:\Users\acer\AppData\Local\atom\bin;C:\Program Files\JetBrains\PyCharm Community Edition 2020.1.2\bin;C:\Users\acer\AppData\Local\GitHubDesktop\bin;C:\Users\acer\AppData\Local\Programs\Microsoft VS Code\bin;C:\Users\acer\AppData\Local\Microsoft\WindowsApps;C:\Program Files\heroku\bin;C:\Program Files\Git\cmd;C:\Program Files\JetBrains\IntelliJ IDEA Educational Edition 2021.1\bin;;C:\Program Files\Java\jdk-16.0.1\bin;C:\Users\acer\AppData\Roaming\npm
USERNAME=acer
OS=Windows_NT
PROCESSOR_IDENTIFIER=Intel64 Family 6 Model 78 Stepping 3, GenuineIntel



---------------  S Y S T E M  ---------------

OS: Windows 10 , 64 bit Build 19041 (10.0.19041.1348)
OS uptime: 1 days 9:30 hours

CPU:total 4 (initial active 4) (2 cores per cpu, 2 threads per core) family 6 model 78 stepping 3 microcode 0xcc, cmov, cx8, fxsr, mmx, sse, sse2, sse3, ssse3, sse4.1, sse4.2, popcnt, aes, clmul, erms, 3dnowpref, lzcnt, ht, tsc, tscinvbit

Memory: 4k page, system-wide physical 8058M (796M free)
TotalPageFile size 12154M (AvailPageFile size 5M)
current process WorkingSet (physical memory assigned to process): 530M, peak: 567M
current process commit charge ("private bytes"): 600M, peak: 606M

vm_info: OpenJDK 64-Bit Server VM (11.0.11+9-b60-7590822) for windows-amd64 JRE (11.0.11+9-b60-7590822), built on Jul 29 2021 21:43:44 by "builder" with MS VC++ 14.0 (VS2015)

END.
